28-Sep-2021 13:19:16.539 INFO [main] org.apache.catalina.startup.VersionLoggerListener.log Server version name:   Apache Tomcat/9.0.53
28-Sep-2021 13:19:16.543 INFO [main] org.apache.catalina.startup.VersionLoggerListener.log Server built:          Sep 6 2021 19:09:00 UTC
28-Sep-2021 13:19:16.543 INFO [main] org.apache.catalina.startup.VersionLoggerListener.log Server version number: 9.0.53.0
28-Sep-2021 13:19:16.543 INFO [main] org.apache.catalina.startup.VersionLoggerListener.log OS Name:               Windows 10
28-Sep-2021 13:19:16.544 INFO [main] org.apache.catalina.startup.VersionLoggerListener.log OS Version:            10.0
28-Sep-2021 13:19:16.544 INFO [main] org.apache.catalina.startup.VersionLoggerListener.log Architecture:          amd64
28-Sep-2021 13:19:16.544 INFO [main] org.apache.catalina.startup.VersionLoggerListener.log Java Home:             C:\Program Files\Java\jdk-16.0.2
28-Sep-2021 13:19:16.544 INFO [main] org.apache.catalina.startup.VersionLoggerListener.log JVM Version:           16.0.2+7-67
28-Sep-2021 13:19:16.544 INFO [main] org.apache.catalina.startup.VersionLoggerListener.log JVM Vendor:            Oracle Corporation
28-Sep-2021 13:19:16.544 INFO [main] org.apache.catalina.startup.VersionLoggerListener.log CATALINA_BASE:         F:\Users\Documents\Subjects\SoftDsn\Activity 6\rest-api-servlets
28-Sep-2021 13:19:16.544 INFO [main] org.apache.catalina.startup.VersionLoggerListener.log CATALINA_HOME:         F:\Users\Documents\Subjects\SoftDsn\Activity 6\rest-api-servlets
28-Sep-2021 13:19:16.558 INFO [main] org.apache.catalina.startup.VersionLoggerListener.log Command line argument: --add-opens=java.base/java.lang=ALL-UNNAMED
28-Sep-2021 13:19:16.558 INFO [main] org.apache.catalina.startup.VersionLoggerListener.log Command line argument: --add-opens=java.base/java.io=ALL-UNNAMED
28-Sep-2021 13:19:16.558 INFO [main] org.apache.catalina.startup.VersionLoggerListener.log Command line argument: --add-opens=java.base/java.util=ALL-UNNAMED
28-Sep-2021 13:19:16.558 INFO [main] org.apache.catalina.startup.VersionLoggerListener.log Command line argument: --add-opens=java.base/java.util.concurrent=ALL-UNNAMED
28-Sep-2021 13:19:16.558 INFO [main] org.apache.catalina.startup.VersionLoggerListener.log Command line argument: --add-opens=java.rmi/sun.rmi.transport=ALL-UNNAMED
28-Sep-2021 13:19:16.559 INFO [main] org.apache.catalina.startup.VersionLoggerListener.log Command line argument: -Djava.util.logging.config.file=F:\Users\Documents\Subjects\SoftDsn\Activity 6\rest-api-servlets\conf\logging.properties
28-Sep-2021 13:19:16.559 INFO [main] org.apache.catalina.startup.VersionLoggerListener.log Command line argument: -Djava.util.logging.manager=org.apache.juli.ClassLoaderLogManager
28-Sep-2021 13:19:16.559 INFO [main] org.apache.catalina.startup.VersionLoggerListener.log Command line argument: -Djdk.tls.ephemeralDHKeySize=2048
28-Sep-2021 13:19:16.559 INFO [main] org.apache.catalina.startup.VersionLoggerListener.log Command line argument: -Djava.protocol.handler.pkgs=org.apache.catalina.webresources
28-Sep-2021 13:19:16.559 INFO [main] org.apache.catalina.startup.VersionLoggerListener.log Command line argument: -Dignore.endorsed.dirs=
28-Sep-2021 13:19:16.559 INFO [main] org.apache.catalina.startup.VersionLoggerListener.log Command line argument: -Dcatalina.base=F:\Users\Documents\Subjects\SoftDsn\Activity 6\rest-api-servlets
28-Sep-2021 13:19:16.559 INFO [main] org.apache.catalina.startup.VersionLoggerListener.log Command line argument: -Dcatalina.home=F:\Users\Documents\Subjects\SoftDsn\Activity 6\rest-api-servlets
28-Sep-2021 13:19:16.559 INFO [main] org.apache.catalina.startup.VersionLoggerListener.log Command line argument: -Djava.io.tmpdir=F:\Users\Documents\Subjects\SoftDsn\Activity 6\rest-api-servlets\temp
28-Sep-2021 13:19:16.567 INFO [main] org.apache.catalina.core.AprLifecycleListener.lifecycleEvent Loaded Apache Tomcat Native library [1.2.30] using APR version [1.7.0].
28-Sep-2021 13:19:16.567 INFO [main] org.apache.catalina.core.AprLifecycleListener.lifecycleEvent APR capabilities: IPv6 [true], sendfile [true], accept filters [false], random [true], UDS [true].
28-Sep-2021 13:19:16.567 INFO [main] org.apache.catalina.core.AprLifecycleListener.lifecycleEvent APR/OpenSSL configuration: useAprConnector [false], useOpenSSL [true]
28-Sep-2021 13:19:16.582 INFO [main] org.apache.catalina.core.AprLifecycleListener.initializeSSL OpenSSL successfully initialized [OpenSSL 1.1.1k  25 Mar 2021]
28-Sep-2021 13:19:16.755 INFO [main] org.apache.coyote.AbstractProtocol.init Initializing ProtocolHandler ["http-nio-8080"]
28-Sep-2021 13:19:16.767 SEVERE [main] org.apache.catalina.util.LifecycleBase.handleSubClassException Failed to initialize component [Connector[HTTP/1.1-8080]]
	org.apache.catalina.LifecycleException: Protocol handler initialization failed
		at org.apache.catalina.connector.Connector.initInternal(Connector.java:1049)
		at org.apache.catalina.util.LifecycleBase.init(LifecycleBase.java:136)
		at org.apache.catalina.core.StandardService.initInternal(StandardService.java:556)
		at org.apache.catalina.util.LifecycleBase.init(LifecycleBase.java:136)
		at org.apache.catalina.core.StandardServer.initInternal(StandardServer.java:1042)
		at org.apache.catalina.util.LifecycleBase.init(LifecycleBase.java:136)
		at org.apache.catalina.startup.Catalina.load(Catalina.java:724)
		at org.apache.catalina.startup.Catalina.load(Catalina.java:746)
		at java.base/jdk.internal.reflect.NativeMethodAccessorImpl.invoke0(Native Method)
		at java.base/jdk.internal.reflect.NativeMethodAccessorImpl.invoke(NativeMethodAccessorImpl.java:78)
		at java.base/jdk.internal.reflect.DelegatingMethodAccessorImpl.invoke(DelegatingMethodAccessorImpl.java:43)
		at java.base/java.lang.reflect.Method.invoke(Method.java:567)
		at org.apache.catalina.startup.Bootstrap.load(Bootstrap.java:305)
		at org.apache.catalina.startup.Bootstrap.main(Bootstrap.java:475)
	Caused by: java.net.BindException: Address already in use: bind
		at java.base/sun.nio.ch.Net.bind0(Native Method)
		at java.base/sun.nio.ch.Net.bind(Net.java:552)
		at java.base/sun.nio.ch.ServerSocketChannelImpl.netBind(ServerSocketChannelImpl.java:336)
		at java.base/sun.nio.ch.ServerSocketChannelImpl.bind(ServerSocketChannelImpl.java:294)
		at org.apache.tomcat.util.net.NioEndpoint.initServerSocket(NioEndpoint.java:271)
		at org.apache.tomcat.util.net.NioEndpoint.bind(NioEndpoint.java:226)
		at org.apache.tomcat.util.net.AbstractEndpoint.bindWithCleanup(AbstractEndpoint.java:1208)
		at org.apache.tomcat.util.net.AbstractEndpoint.init(AbstractEndpoint.java:1221)
		at org.apache.coyote.AbstractProtocol.init(AbstractProtocol.java:603)
		at org.apache.coyote.http11.AbstractHttp11Protocol.init(AbstractHttp11Protocol.java:80)
		at org.apache.catalina.connector.Connector.initInternal(Connector.java:1046)
		... 13 more
28-Sep-2021 13:19:16.768 INFO [main] org.apache.catalina.startup.Catalina.load Server initialization in [353] milliseconds
28-Sep-2021 13:19:16.798 INFO [main] org.apache.catalina.core.StandardService.startInternal Starting service [Catalina]
28-Sep-2021 13:19:16.798 INFO [main] org.apache.catalina.core.StandardEngine.startInternal Starting Servlet engine: [Apache Tomcat/9.0.53]
28-Sep-2021 13:19:16.977 INFO [main] org.apache.catalina.startup.HostConfig.deployDirectory Deploying web application directory [F:\Users\Documents\Subjects\SoftDsn\Activity 6\rest-api-servlets\webapps\docs]
28-Sep-2021 13:19:17.133 INFO [main] org.apache.catalina.startup.HostConfig.deployDirectory Deployment of web application directory [F:\Users\Documents\Subjects\SoftDsn\Activity 6\rest-api-servlets\webapps\docs] has finished in [155] ms
28-Sep-2021 13:19:17.133 INFO [main] org.apache.catalina.startup.HostConfig.deployDirectory Deploying web application directory [F:\Users\Documents\Subjects\SoftDsn\Activity 6\rest-api-servlets\webapps\examples]
28-Sep-2021 13:19:17.325 INFO [main] org.apache.catalina.startup.HostConfig.deployDirectory Deployment of web application directory [F:\Users\Documents\Subjects\SoftDsn\Activity 6\rest-api-servlets\webapps\examples] has finished in [192] ms
28-Sep-2021 13:19:17.325 INFO [main] org.apache.catalina.startup.HostConfig.deployDirectory Deploying web application directory [F:\Users\Documents\Subjects\SoftDsn\Activity 6\rest-api-servlets\webapps\host-manager]
28-Sep-2021 13:19:17.347 INFO [main] org.apache.catalina.startup.HostConfig.deployDirectory Deployment of web application directory [F:\Users\Documents\Subjects\SoftDsn\Activity 6\rest-api-servlets\webapps\host-manager] has finished in [22] ms
28-Sep-2021 13:19:17.347 INFO [main] org.apache.catalina.startup.HostConfig.deployDirectory Deploying web application directory [F:\Users\Documents\Subjects\SoftDsn\Activity 6\rest-api-servlets\webapps\manager]
28-Sep-2021 13:19:17.401 INFO [main] org.apache.catalina.startup.HostConfig.deployDirectory Deployment of web application directory [F:\Users\Documents\Subjects\SoftDsn\Activity 6\rest-api-servlets\webapps\manager] has finished in [54] ms
28-Sep-2021 13:19:17.401 INFO [main] org.apache.catalina.startup.HostConfig.deployDirectory Deploying web application directory [F:\Users\Documents\Subjects\SoftDsn\Activity 6\rest-api-servlets\webapps\ROOT]
28-Sep-2021 13:19:17.414 INFO [main] org.apache.catalina.startup.HostConfig.deployDirectory Deployment of web application directory [F:\Users\Documents\Subjects\SoftDsn\Activity 6\rest-api-servlets\webapps\ROOT] has finished in [13] ms
28-Sep-2021 13:19:17.416 INFO [main] org.apache.catalina.startup.Catalina.start Server startup in [647] milliseconds
28-Sep-2021 13:22:01.473 INFO [Thread-2] org.apache.coyote.AbstractProtocol.pause Pausing ProtocolHandler ["http-nio-8080"]
28-Sep-2021 13:22:01.473 INFO [Thread-2] org.apache.catalina.core.StandardService.stopInternal Stopping service [Catalina]
28-Sep-2021 13:22:01.489 INFO [Thread-2] org.apache.coyote.AbstractProtocol.stop Stopping ProtocolHandler ["http-nio-8080"]
28-Sep-2021 13:22:01.489 INFO [Thread-2] org.apache.coyote.AbstractProtocol.destroy Destroying ProtocolHandler ["http-nio-8080"]
28-Sep-2021 13:24:31.978 INFO [main] org.apache.catalina.startup.VersionLoggerListener.log Server version name:   Apache Tomcat/9.0.53
28-Sep-2021 13:24:31.980 INFO [main] org.apache.catalina.startup.VersionLoggerListener.log Server built:          Sep 6 2021 19:09:00 UTC
28-Sep-2021 13:24:31.980 INFO [main] org.apache.catalina.startup.VersionLoggerListener.log Server version number: 9.0.53.0
28-Sep-2021 13:24:31.980 INFO [main] org.apache.catalina.startup.VersionLoggerListener.log OS Name:               Windows 10
28-Sep-2021 13:24:31.980 INFO [main] org.apache.catalina.startup.VersionLoggerListener.log OS Version:            10.0
28-Sep-2021 13:24:31.980 INFO [main] org.apache.catalina.startup.VersionLoggerListener.log Architecture:          amd64
28-Sep-2021 13:24:31.980 INFO [main] org.apache.catalina.startup.VersionLoggerListener.log Java Home:             C:\Program Files\Java\jdk-16.0.2
28-Sep-2021 13:24:31.980 INFO [main] org.apache.catalina.startup.VersionLoggerListener.log JVM Version:           16.0.2+7-67
28-Sep-2021 13:24:31.980 INFO [main] org.apache.catalina.startup.VersionLoggerListener.log JVM Vendor:            Oracle Corporation
28-Sep-2021 13:24:31.980 INFO [main] org.apache.catalina.startup.VersionLoggerListener.log CATALINA_BASE:         F:\Users\Documents\Subjects\SoftDsn\Activity 6\rest-api-servlets
28-Sep-2021 13:24:31.981 INFO [main] org.apache.catalina.startup.VersionLoggerListener.log CATALINA_HOME:         F:\Users\Documents\Subjects\SoftDsn\Activity 6\rest-api-servlets
28-Sep-2021 13:24:31.987 INFO [main] org.apache.catalina.startup.VersionLoggerListener.log Command line argument: --add-opens=java.base/java.lang=ALL-UNNAMED
28-Sep-2021 13:24:31.987 INFO [main] org.apache.catalina.startup.VersionLoggerListener.log Command line argument: --add-opens=java.base/java.io=ALL-UNNAMED
28-Sep-2021 13:24:31.988 INFO [main] org.apache.catalina.startup.VersionLoggerListener.log Command line argument: --add-opens=java.base/java.util=ALL-UNNAMED
28-Sep-2021 13:24:31.988 INFO [main] org.apache.catalina.startup.VersionLoggerListener.log Command line argument: --add-opens=java.base/java.util.concurrent=ALL-UNNAMED
28-Sep-2021 13:24:31.988 INFO [main] org.apache.catalina.startup.VersionLoggerListener.log Command line argument: --add-opens=java.rmi/sun.rmi.transport=ALL-UNNAMED
28-Sep-2021 13:24:31.988 INFO [main] org.apache.catalina.startup.VersionLoggerListener.log Command line argument: -Djava.util.logging.config.file=F:\Users\Documents\Subjects\SoftDsn\Activity 6\rest-api-servlets\conf\logging.properties
28-Sep-2021 13:24:31.988 INFO [main] org.apache.catalina.startup.VersionLoggerListener.log Command line argument: -Djava.util.logging.manager=org.apache.juli.ClassLoaderLogManager
28-Sep-2021 13:24:31.988 INFO [main] org.apache.catalina.startup.VersionLoggerListener.log Command line argument: -Djdk.tls.ephemeralDHKeySize=2048
28-Sep-2021 13:24:31.988 INFO [main] org.apache.catalina.startup.VersionLoggerListener.log Command line argument: -Djava.protocol.handler.pkgs=org.apache.catalina.webresources
28-Sep-2021 13:24:31.988 INFO [main] org.apache.catalina.startup.VersionLoggerListener.log Command line argument: -Dignore.endorsed.dirs=
28-Sep-2021 13:24:31.988 INFO [main] org.apache.catalina.startup.VersionLoggerListener.log Command line argument: -Dcatalina.base=F:\Users\Documents\Subjects\SoftDsn\Activity 6\rest-api-servlets
28-Sep-2021 13:24:31.988 INFO [main] org.apache.catalina.startup.VersionLoggerListener.log Command line argument: -Dcatalina.home=F:\Users\Documents\Subjects\SoftDsn\Activity 6\rest-api-servlets
28-Sep-2021 13:24:31.989 INFO [main] org.apache.catalina.startup.VersionLoggerListener.log Command line argument: -Djava.io.tmpdir=F:\Users\Documents\Subjects\SoftDsn\Activity 6\rest-api-servlets\temp
28-Sep-2021 13:24:31.991 INFO [main] org.apache.catalina.core.AprLifecycleListener.lifecycleEvent Loaded Apache Tomcat Native library [1.2.30] using APR version [1.7.0].
28-Sep-2021 13:24:31.992 INFO [main] org.apache.catalina.core.AprLifecycleListener.lifecycleEvent APR capabilities: IPv6 [true], sendfile [true], accept filters [false], random [true], UDS [true].
28-Sep-2021 13:24:31.992 INFO [main] org.apache.catalina.core.AprLifecycleListener.lifecycleEvent APR/OpenSSL configuration: useAprConnector [false], useOpenSSL [true]
28-Sep-2021 13:24:31.994 INFO [main] org.apache.catalina.core.AprLifecycleListener.initializeSSL OpenSSL successfully initialized [OpenSSL 1.1.1k  25 Mar 2021]
28-Sep-2021 13:24:32.137 INFO [main] org.apache.coyote.AbstractProtocol.init Initializing ProtocolHandler ["http-nio-8080"]
28-Sep-2021 13:24:32.150 INFO [main] org.apache.catalina.startup.Catalina.load Server initialization in [267] milliseconds
28-Sep-2021 13:24:32.174 INFO [main] org.apache.catalina.core.StandardService.startInternal Starting service [Catalina]
28-Sep-2021 13:24:32.174 INFO [main] org.apache.catalina.core.StandardEngine.startInternal Starting Servlet engine: [Apache Tomcat/9.0.53]
28-Sep-2021 13:24:32.178 INFO [main] org.apache.catalina.startup.HostConfig.deployDirectory Deploying web application directory [F:\Users\Documents\Subjects\SoftDsn\Activity 6\rest-api-servlets\webapps\docs]
28-Sep-2021 13:24:32.324 INFO [main] org.apache.catalina.startup.HostConfig.deployDirectory Deployment of web application directory [F:\Users\Documents\Subjects\SoftDsn\Activity 6\rest-api-servlets\webapps\docs] has finished in [146] ms
28-Sep-2021 13:24:32.325 INFO [main] org.apache.catalina.startup.HostConfig.deployDirectory Deploying web application directory [F:\Users\Documents\Subjects\SoftDsn\Activity 6\rest-api-servlets\webapps\examples]
28-Sep-2021 13:24:32.512 INFO [main] org.apache.catalina.startup.HostConfig.deployDirectory Deployment of web application directory [F:\Users\Documents\Subjects\SoftDsn\Activity 6\rest-api-servlets\webapps\examples] has finished in [187] ms
28-Sep-2021 13:24:32.512 INFO [main] org.apache.catalina.startup.HostConfig.deployDirectory Deploying web application directory [F:\Users\Documents\Subjects\SoftDsn\Activity 6\rest-api-servlets\webapps\host-manager]
28-Sep-2021 13:24:32.533 INFO [main] org.apache.catalina.startup.HostConfig.deployDirectory Deployment of web application directory [F:\Users\Documents\Subjects\SoftDsn\Activity 6\rest-api-servlets\webapps\host-manager] has finished in [21] ms
28-Sep-2021 13:24:32.534 INFO [main] org.apache.catalina.startup.HostConfig.deployDirectory Deploying web application directory [F:\Users\Documents\Subjects\SoftDsn\Activity 6\rest-api-servlets\webapps\manager]
28-Sep-2021 13:24:32.552 INFO [main] org.apache.catalina.startup.HostConfig.deployDirectory Deployment of web application directory [F:\Users\Documents\Subjects\SoftDsn\Activity 6\rest-api-servlets\webapps\manager] has finished in [18] ms
28-Sep-2021 13:24:32.552 INFO [main] org.apache.catalina.startup.HostConfig.deployDirectory Deploying web application directory [F:\Users\Documents\Subjects\SoftDsn\Activity 6\rest-api-servlets\webapps\ROOT]
28-Sep-2021 13:24:32.564 INFO [main] org.apache.catalina.startup.HostConfig.deployDirectory Deployment of web application directory [F:\Users\Documents\Subjects\SoftDsn\Activity 6\rest-api-servlets\webapps\ROOT] has finished in [11] ms
28-Sep-2021 13:24:32.565 INFO [main] org.apache.coyote.AbstractProtocol.start Starting ProtocolHandler ["http-nio-8080"]
28-Sep-2021 13:24:32.624 INFO [main] org.apache.catalina.startup.Catalina.start Server startup in [473] milliseconds
28-Sep-2021 13:24:57.313 INFO [Thread-2] org.apache.coyote.AbstractProtocol.pause Pausing ProtocolHandler ["http-nio-8080"]
28-Sep-2021 13:24:57.329 INFO [Thread-2] org.apache.catalina.core.StandardService.stopInternal Stopping service [Catalina]
28-Sep-2021 13:24:57.339 INFO [Thread-2] org.apache.coyote.AbstractProtocol.stop Stopping ProtocolHandler ["http-nio-8080"]
28-Sep-2021 13:24:57.377 INFO [Thread-2] org.apache.coyote.AbstractProtocol.destroy Destroying ProtocolHandler ["http-nio-8080"]
28-Sep-2021 13:31:13.413 INFO [main] org.apache.catalina.startup.VersionLoggerListener.log Server version name:   Apache Tomcat/9.0.53
28-Sep-2021 13:31:13.415 INFO [main] org.apache.catalina.startup.VersionLoggerListener.log Server built:          Sep 6 2021 19:09:00 UTC
28-Sep-2021 13:31:13.416 INFO [main] org.apache.catalina.startup.VersionLoggerListener.log Server version number: 9.0.53.0
28-Sep-2021 13:31:13.416 INFO [main] org.apache.catalina.startup.VersionLoggerListener.log OS Name:               Windows 10
28-Sep-2021 13:31:13.416 INFO [main] org.apache.catalina.startup.VersionLoggerListener.log OS Version:            10.0
28-Sep-2021 13:31:13.416 INFO [main] org.apache.catalina.startup.VersionLoggerListener.log Architecture:          amd64
28-Sep-2021 13:31:13.416 INFO [main] org.apache.catalina.startup.VersionLoggerListener.log Java Home:             C:\Program Files\Java\jdk-16.0.2
28-Sep-2021 13:31:13.416 INFO [main] org.apache.catalina.startup.VersionLoggerListener.log JVM Version:           16.0.2+7-67
28-Sep-2021 13:31:13.416 INFO [main] org.apache.catalina.startup.VersionLoggerListener.log JVM Vendor:            Oracle Corporation
28-Sep-2021 13:31:13.416 INFO [main] org.apache.catalina.startup.VersionLoggerListener.log CATALINA_BASE:         F:\Users\Documents\Subjects\SoftDsn\Activity 6\rest-api-servlets
28-Sep-2021 13:31:13.416 INFO [main] org.apache.catalina.startup.VersionLoggerListener.log CATALINA_HOME:         F:\Users\Documents\Subjects\SoftDsn\Activity 6\rest-api-servlets
28-Sep-2021 13:31:13.424 INFO [main] org.apache.catalina.startup.VersionLoggerListener.log Command line argument: --add-opens=java.base/java.lang=ALL-UNNAMED
28-Sep-2021 13:31:13.424 INFO [main] org.apache.catalina.startup.VersionLoggerListener.log Command line argument: --add-opens=java.base/java.io=ALL-UNNAMED
28-Sep-2021 13:31:13.424 INFO [main] org.apache.catalina.startup.VersionLoggerListener.log Command line argument: --add-opens=java.base/java.util=ALL-UNNAMED
28-Sep-2021 13:31:13.424 INFO [main] org.apache.catalina.startup.VersionLoggerListener.log Command line argument: --add-opens=java.base/java.util.concurrent=ALL-UNNAMED
28-Sep-2021 13:31:13.424 INFO [main] org.apache.catalina.startup.VersionLoggerListener.log Command line argument: --add-opens=java.rmi/sun.rmi.transport=ALL-UNNAMED
28-Sep-2021 13:31:13.424 INFO [main] org.apache.catalina.startup.VersionLoggerListener.log Command line argument: -Djava.util.logging.config.file=F:\Users\Documents\Subjects\SoftDsn\Activity 6\rest-api-servlets\conf\logging.properties
28-Sep-2021 13:31:13.425 INFO [main] org.apache.catalina.startup.VersionLoggerListener.log Command line argument: -Djava.util.logging.manager=org.apache.juli.ClassLoaderLogManager
28-Sep-2021 13:31:13.425 INFO [main] org.apache.catalina.startup.VersionLoggerListener.log Command line argument: -Djdk.tls.ephemeralDHKeySize=2048
28-Sep-2021 13:31:13.425 INFO [main] org.apache.catalina.startup.VersionLoggerListener.log Command line argument: -Djava.protocol.handler.pkgs=org.apache.catalina.webresources
28-Sep-2021 13:31:13.425 INFO [main] org.apache.catalina.startup.VersionLoggerListener.log Command line argument: -Dignore.endorsed.dirs=
28-Sep-2021 13:31:13.425 INFO [main] org.apache.catalina.startup.VersionLoggerListener.log Command line argument: -Dcatalina.base=F:\Users\Documents\Subjects\SoftDsn\Activity 6\rest-api-servlets
28-Sep-2021 13:31:13.425 INFO [main] org.apache.catalina.startup.VersionLoggerListener.log Command line argument: -Dcatalina.home=F:\Users\Documents\Subjects\SoftDsn\Activity 6\rest-api-servlets
28-Sep-2021 13:31:13.425 INFO [main] org.apache.catalina.startup.VersionLoggerListener.log Command line argument: -Djava.io.tmpdir=F:\Users\Documents\Subjects\SoftDsn\Activity 6\rest-api-servlets\temp
28-Sep-2021 13:31:13.428 INFO [main] org.apache.catalina.core.AprLifecycleListener.lifecycleEvent Loaded Apache Tomcat Native library [1.2.30] using APR version [1.7.0].
28-Sep-2021 13:31:13.429 INFO [main] org.apache.catalina.core.AprLifecycleListener.lifecycleEvent APR capabilities: IPv6 [true], sendfile [true], accept filters [false], random [true], UDS [true].
28-Sep-2021 13:31:13.429 INFO [main] org.apache.catalina.core.AprLifecycleListener.lifecycleEvent APR/OpenSSL configuration: useAprConnector [false], useOpenSSL [true]
28-Sep-2021 13:31:13.432 INFO [main] org.apache.catalina.core.AprLifecycleListener.initializeSSL OpenSSL successfully initialized [OpenSSL 1.1.1k  25 Mar 2021]
28-Sep-2021 13:31:13.572 INFO [main] org.apache.coyote.AbstractProtocol.init Initializing ProtocolHandler ["http-nio-8080"]
28-Sep-2021 13:31:13.584 INFO [main] org.apache.catalina.startup.Catalina.load Server initialization in [265] milliseconds
28-Sep-2021 13:31:13.608 INFO [main] org.apache.catalina.core.StandardService.startInternal Starting service [Catalina]
28-Sep-2021 13:31:13.609 INFO [main] org.apache.catalina.core.StandardEngine.startInternal Starting Servlet engine: [Apache Tomcat/9.0.53]
28-Sep-2021 13:31:13.613 INFO [main] org.apache.catalina.startup.HostConfig.deployDirectory Deploying web application directory [F:\Users\Documents\Subjects\SoftDsn\Activity 6\rest-api-servlets\webapps\app]
28-Sep-2021 13:31:13.766 INFO [main] org.apache.catalina.startup.HostConfig.deployDirectory Deployment of web application directory [F:\Users\Documents\Subjects\SoftDsn\Activity 6\rest-api-servlets\webapps\app] has finished in [152] ms
28-Sep-2021 13:31:13.766 INFO [main] org.apache.catalina.startup.HostConfig.deployDirectory Deploying web application directory [F:\Users\Documents\Subjects\SoftDsn\Activity 6\rest-api-servlets\webapps\docs]
28-Sep-2021 13:31:13.781 INFO [main] org.apache.catalina.startup.HostConfig.deployDirectory Deployment of web application directory [F:\Users\Documents\Subjects\SoftDsn\Activity 6\rest-api-servlets\webapps\docs] has finished in [15] ms
28-Sep-2021 13:31:13.781 INFO [main] org.apache.catalina.startup.HostConfig.deployDirectory Deploying web application directory [F:\Users\Documents\Subjects\SoftDsn\Activity 6\rest-api-servlets\webapps\examples]
28-Sep-2021 13:31:13.969 INFO [main] org.apache.catalina.startup.HostConfig.deployDirectory Deployment of web application directory [F:\Users\Documents\Subjects\SoftDsn\Activity 6\rest-api-servlets\webapps\examples] has finished in [188] ms
28-Sep-2021 13:31:13.969 INFO [main] org.apache.catalina.startup.HostConfig.deployDirectory Deploying web application directory [F:\Users\Documents\Subjects\SoftDsn\Activity 6\rest-api-servlets\webapps\host-manager]
28-Sep-2021 13:31:13.991 INFO [main] org.apache.catalina.startup.HostConfig.deployDirectory Deployment of web application directory [F:\Users\Documents\Subjects\SoftDsn\Activity 6\rest-api-servlets\webapps\host-manager] has finished in [22] ms
28-Sep-2021 13:31:13.991 INFO [main] org.apache.catalina.startup.HostConfig.deployDirectory Deploying web application directory [F:\Users\Documents\Subjects\SoftDsn\Activity 6\rest-api-servlets\webapps\manager]
28-Sep-2021 13:31:14.011 INFO [main] org.apache.catalina.startup.HostConfig.deployDirectory Deployment of web application directory [F:\Users\Documents\Subjects\SoftDsn\Activity 6\rest-api-servlets\webapps\manager] has finished in [20] ms
28-Sep-2021 13:31:14.011 INFO [main] org.apache.catalina.startup.HostConfig.deployDirectory Deploying web application directory [F:\Users\Documents\Subjects\SoftDsn\Activity 6\rest-api-servlets\webapps\ROOT]
28-Sep-2021 13:31:14.023 INFO [main] org.apache.catalina.startup.HostConfig.deployDirectory Deployment of web application directory [F:\Users\Documents\Subjects\SoftDsn\Activity 6\rest-api-servlets\webapps\ROOT] has finished in [12] ms
28-Sep-2021 13:31:14.025 INFO [main] org.apache.coyote.AbstractProtocol.start Starting ProtocolHandler ["http-nio-8080"]
28-Sep-2021 13:31:14.067 INFO [main] org.apache.catalina.startup.Catalina.start Server startup in [483] milliseconds
28-Sep-2021 13:42:50.626 INFO [Thread-2] org.apache.coyote.AbstractProtocol.pause Pausing ProtocolHandler ["http-nio-8080"]
28-Sep-2021 13:42:50.637 INFO [Thread-2] org.apache.catalina.core.StandardService.stopInternal Stopping service [Catalina]
28-Sep-2021 13:42:50.647 INFO [Thread-2] org.apache.coyote.AbstractProtocol.stop Stopping ProtocolHandler ["http-nio-8080"]
28-Sep-2021 13:42:50.690 INFO [Thread-2] org.apache.coyote.AbstractProtocol.destroy Destroying ProtocolHandler ["http-nio-8080"]
28-Sep-2021 13:42:51.946 INFO [main] org.apache.catalina.startup.VersionLoggerListener.log Server version name:   Apache Tomcat/9.0.53
28-Sep-2021 13:42:51.948 INFO [main] org.apache.catalina.startup.VersionLoggerListener.log Server built:          Sep 6 2021 19:09:00 UTC
28-Sep-2021 13:42:51.948 INFO [main] org.apache.catalina.startup.VersionLoggerListener.log Server version number: 9.0.53.0
28-Sep-2021 13:42:51.949 INFO [main] org.apache.catalina.startup.VersionLoggerListener.log OS Name:               Windows 10
28-Sep-2021 13:42:51.949 INFO [main] org.apache.catalina.startup.VersionLoggerListener.log OS Version:            10.0
28-Sep-2021 13:42:51.949 INFO [main] org.apache.catalina.startup.VersionLoggerListener.log Architecture:          amd64
28-Sep-2021 13:42:51.949 INFO [main] org.apache.catalina.startup.VersionLoggerListener.log Java Home:             C:\Program Files\Java\jdk-16.0.2
28-Sep-2021 13:42:51.949 INFO [main] org.apache.catalina.startup.VersionLoggerListener.log JVM Version:           16.0.2+7-67
28-Sep-2021 13:42:51.949 INFO [main] org.apache.catalina.startup.VersionLoggerListener.log JVM Vendor:            Oracle Corporation
28-Sep-2021 13:42:51.949 INFO [main] org.apache.catalina.startup.VersionLoggerListener.log CATALINA_BASE:         F:\Users\Documents\Subjects\SoftDsn\Activity 6\rest-api-servlets
28-Sep-2021 13:42:51.949 INFO [main] org.apache.catalina.startup.VersionLoggerListener.log CATALINA_HOME:         F:\Users\Documents\Subjects\SoftDsn\Activity 6\rest-api-servlets
28-Sep-2021 13:42:51.957 INFO [main] org.apache.catalina.startup.VersionLoggerListener.log Command line argument: --add-opens=java.base/java.lang=ALL-UNNAMED
28-Sep-2021 13:42:51.957 INFO [main] org.apache.catalina.startup.VersionLoggerListener.log Command line argument: --add-opens=java.base/java.io=ALL-UNNAMED
28-Sep-2021 13:42:51.957 INFO [main] org.apache.catalina.startup.VersionLoggerListener.log Command line argument: --add-opens=java.base/java.util=ALL-UNNAMED
28-Sep-2021 13:42:51.957 INFO [main] org.apache.catalina.startup.VersionLoggerListener.log Command line argument: --add-opens=java.base/java.util.concurrent=ALL-UNNAMED
28-Sep-2021 13:42:51.957 INFO [main] org.apache.catalina.startup.VersionLoggerListener.log Command line argument: --add-opens=java.rmi/sun.rmi.transport=ALL-UNNAMED
28-Sep-2021 13:42:51.958 INFO [main] org.apache.catalina.startup.VersionLoggerListener.log Command line argument: -Djava.util.logging.config.file=F:\Users\Documents\Subjects\SoftDsn\Activity 6\rest-api-servlets\conf\logging.properties
28-Sep-2021 13:42:51.958 INFO [main] org.apache.catalina.startup.VersionLoggerListener.log Command line argument: -Djava.util.logging.manager=org.apache.juli.ClassLoaderLogManager
28-Sep-2021 13:42:51.958 INFO [main] org.apache.catalina.startup.VersionLoggerListener.log Command line argument: -Djdk.tls.ephemeralDHKeySize=2048
28-Sep-2021 13:42:51.958 INFO [main] org.apache.catalina.startup.VersionLoggerListener.log Command line argument: -Djava.protocol.handler.pkgs=org.apache.catalina.webresources
28-Sep-2021 13:42:51.958 INFO [main] org.apache.catalina.startup.VersionLoggerListener.log Command line argument: -Dignore.endorsed.dirs=
28-Sep-2021 13:42:51.958 INFO [main] org.apache.catalina.startup.VersionLoggerListener.log Command line argument: -Dcatalina.base=F:\Users\Documents\Subjects\SoftDsn\Activity 6\rest-api-servlets
28-Sep-2021 13:42:51.958 INFO [main] org.apache.catalina.startup.VersionLoggerListener.log Command line argument: -Dcatalina.home=F:\Users\Documents\Subjects\SoftDsn\Activity 6\rest-api-servlets
28-Sep-2021 13:42:51.958 INFO [main] org.apache.catalina.startup.VersionLoggerListener.log Command line argument: -Djava.io.tmpdir=F:\Users\Documents\Subjects\SoftDsn\Activity 6\rest-api-servlets\temp
28-Sep-2021 13:42:51.962 INFO [main] org.apache.catalina.core.AprLifecycleListener.lifecycleEvent Loaded Apache Tomcat Native library [1.2.30] using APR version [1.7.0].
28-Sep-2021 13:42:51.962 INFO [main] org.apache.catalina.core.AprLifecycleListener.lifecycleEvent APR capabilities: IPv6 [true], sendfile [true], accept filters [false], random [true], UDS [true].
28-Sep-2021 13:42:51.962 INFO [main] org.apache.catalina.core.AprLifecycleListener.lifecycleEvent APR/OpenSSL configuration: useAprConnector [false], useOpenSSL [true]
28-Sep-2021 13:42:51.965 INFO [main] org.apache.catalina.core.AprLifecycleListener.initializeSSL OpenSSL successfully initialized [OpenSSL 1.1.1k  25 Mar 2021]
28-Sep-2021 13:42:52.105 INFO [main] org.apache.coyote.AbstractProtocol.init Initializing ProtocolHandler ["http-nio-8080"]
28-Sep-2021 13:42:52.117 INFO [main] org.apache.catalina.startup.Catalina.load Server initialization in [266] milliseconds
28-Sep-2021 13:42:52.141 INFO [main] org.apache.catalina.core.StandardService.startInternal Starting service [Catalina]
28-Sep-2021 13:42:52.141 INFO [main] org.apache.catalina.core.StandardEngine.startInternal Starting Servlet engine: [Apache Tomcat/9.0.53]
28-Sep-2021 13:42:52.145 INFO [main] org.apache.catalina.startup.HostConfig.deployDirectory Deploying web application directory [F:\Users\Documents\Subjects\SoftDsn\Activity 6\rest-api-servlets\webapps\app]
28-Sep-2021 13:42:52.308 INFO [main] org.apache.catalina.startup.HostConfig.deployDirectory Deployment of web application directory [F:\Users\Documents\Subjects\SoftDsn\Activity 6\rest-api-servlets\webapps\app] has finished in [163] ms
28-Sep-2021 13:42:52.309 INFO [main] org.apache.catalina.startup.HostConfig.deployDirectory Deploying web application directory [F:\Users\Documents\Subjects\SoftDsn\Activity 6\rest-api-servlets\webapps\docs]
28-Sep-2021 13:42:52.327 INFO [main] org.apache.catalina.startup.HostConfig.deployDirectory Deployment of web application directory [F:\Users\Documents\Subjects\SoftDsn\Activity 6\rest-api-servlets\webapps\docs] has finished in [18] ms
28-Sep-2021 13:42:52.328 INFO [main] org.apache.catalina.startup.HostConfig.deployDirectory Deploying web application directory [F:\Users\Documents\Subjects\SoftDsn\Activity 6\rest-api-servlets\webapps\examples]
28-Sep-2021 13:42:52.512 INFO [main] org.apache.catalina.startup.HostConfig.deployDirectory Deployment of web application directory [F:\Users\Documents\Subjects\SoftDsn\Activity 6\rest-api-servlets\webapps\examples] has finished in [185] ms
28-Sep-2021 13:42:52.512 INFO [main] org.apache.catalina.startup.HostConfig.deployDirectory Deploying web application directory [F:\Users\Documents\Subjects\SoftDsn\Activity 6\rest-api-servlets\webapps\host-manager]
28-Sep-2021 13:42:52.534 INFO [main] org.apache.catalina.startup.HostConfig.deployDirectory Deployment of web application directory [F:\Users\Documents\Subjects\SoftDsn\Activity 6\rest-api-servlets\webapps\host-manager] has finished in [22] ms
28-Sep-2021 13:42:52.534 INFO [main] org.apache.catalina.startup.HostConfig.deployDirectory Deploying web application directory [F:\Users\Documents\Subjects\SoftDsn\Activity 6\rest-api-servlets\webapps\manager]
28-Sep-2021 13:42:52.554 INFO [main] org.apache.catalina.startup.HostConfig.deployDirectory Deployment of web application directory [F:\Users\Documents\Subjects\SoftDsn\Activity 6\rest-api-servlets\webapps\manager] has finished in [20] ms
28-Sep-2021 13:42:52.554 INFO [main] org.apache.catalina.startup.HostConfig.deployDirectory Deploying web application directory [F:\Users\Documents\Subjects\SoftDsn\Activity 6\rest-api-servlets\webapps\ROOT]
28-Sep-2021 13:42:52.566 INFO [main] org.apache.catalina.startup.HostConfig.deployDirectory Deployment of web application directory [F:\Users\Documents\Subjects\SoftDsn\Activity 6\rest-api-servlets\webapps\ROOT] has finished in [12] ms
28-Sep-2021 13:42:52.568 INFO [main] org.apache.coyote.AbstractProtocol.start Starting ProtocolHandler ["http-nio-8080"]
28-Sep-2021 13:42:52.611 INFO [main] org.apache.catalina.startup.Catalina.start Server startup in [493] milliseconds
28-Sep-2021 13:43:24.570 INFO [Thread-2] org.apache.coyote.AbstractProtocol.pause Pausing ProtocolHandler ["http-nio-8080"]
28-Sep-2021 13:43:24.580 INFO [Thread-2] org.apache.catalina.core.StandardService.stopInternal Stopping service [Catalina]
28-Sep-2021 13:43:24.591 INFO [Thread-2] org.apache.coyote.AbstractProtocol.stop Stopping ProtocolHandler ["http-nio-8080"]
28-Sep-2021 13:43:24.636 INFO [Thread-2] org.apache.coyote.AbstractProtocol.destroy Destroying ProtocolHandler ["http-nio-8080"]
28-Sep-2021 13:43:26.536 INFO [main] org.apache.catalina.startup.VersionLoggerListener.log Server version name:   Apache Tomcat/9.0.53
28-Sep-2021 13:43:26.539 INFO [main] org.apache.catalina.startup.VersionLoggerListener.log Server built:          Sep 6 2021 19:09:00 UTC
28-Sep-2021 13:43:26.539 INFO [main] org.apache.catalina.startup.VersionLoggerListener.log Server version number: 9.0.53.0
28-Sep-2021 13:43:26.539 INFO [main] org.apache.catalina.startup.VersionLoggerListener.log OS Name:               Windows 10
28-Sep-2021 13:43:26.539 INFO [main] org.apache.catalina.startup.VersionLoggerListener.log OS Version:            10.0
28-Sep-2021 13:43:26.539 INFO [main] org.apache.catalina.startup.VersionLoggerListener.log Architecture:          amd64
28-Sep-2021 13:43:26.539 INFO [main] org.apache.catalina.startup.VersionLoggerListener.log Java Home:             C:\Program Files\Java\jdk-16.0.2
28-Sep-2021 13:43:26.539 INFO [main] org.apache.catalina.startup.VersionLoggerListener.log JVM Version:           16.0.2+7-67
28-Sep-2021 13:43:26.539 INFO [main] org.apache.catalina.startup.VersionLoggerListener.log JVM Vendor:            Oracle Corporation
28-Sep-2021 13:43:26.540 INFO [main] org.apache.catalina.startup.VersionLoggerListener.log CATALINA_BASE:         F:\Users\Documents\Subjects\SoftDsn\Activity 6\rest-api-servlets
28-Sep-2021 13:43:26.540 INFO [main] org.apache.catalina.startup.VersionLoggerListener.log CATALINA_HOME:         F:\Users\Documents\Subjects\SoftDsn\Activity 6\rest-api-servlets
28-Sep-2021 13:43:26.547 INFO [main] org.apache.catalina.startup.VersionLoggerListener.log Command line argument: --add-opens=java.base/java.lang=ALL-UNNAMED
28-Sep-2021 13:43:26.547 INFO [main] org.apache.catalina.startup.VersionLoggerListener.log Command line argument: --add-opens=java.base/java.io=ALL-UNNAMED
28-Sep-2021 13:43:26.547 INFO [main] org.apache.catalina.startup.VersionLoggerListener.log Command line argument: --add-opens=java.base/java.util=ALL-UNNAMED
28-Sep-2021 13:43:26.547 INFO [main] org.apache.catalina.startup.VersionLoggerListener.log Command line argument: --add-opens=java.base/java.util.concurrent=ALL-UNNAMED
28-Sep-2021 13:43:26.547 INFO [main] org.apache.catalina.startup.VersionLoggerListener.log Command line argument: --add-opens=java.rmi/sun.rmi.transport=ALL-UNNAMED
28-Sep-2021 13:43:26.547 INFO [main] org.apache.catalina.startup.VersionLoggerListener.log Command line argument: -Djava.util.logging.config.file=F:\Users\Documents\Subjects\SoftDsn\Activity 6\rest-api-servlets\conf\logging.properties
28-Sep-2021 13:43:26.548 INFO [main] org.apache.catalina.startup.VersionLoggerListener.log Command line argument: -Djava.util.logging.manager=org.apache.juli.ClassLoaderLogManager
28-Sep-2021 13:43:26.548 INFO [main] org.apache.catalina.startup.VersionLoggerListener.log Command line argument: -Djdk.tls.ephemeralDHKeySize=2048
28-Sep-2021 13:43:26.548 INFO [main] org.apache.catalina.startup.VersionLoggerListener.log Command line argument: -Djava.protocol.handler.pkgs=org.apache.catalina.webresources
28-Sep-2021 13:43:26.548 INFO [main] org.apache.catalina.startup.VersionLoggerListener.log Command line argument: -Dignore.endorsed.dirs=
28-Sep-2021 13:43:26.548 INFO [main] org.apache.catalina.startup.VersionLoggerListener.log Command line argument: -Dcatalina.base=F:\Users\Documents\Subjects\SoftDsn\Activity 6\rest-api-servlets
28-Sep-2021 13:43:26.548 INFO [main] org.apache.catalina.startup.VersionLoggerListener.log Command line argument: -Dcatalina.home=F:\Users\Documents\Subjects\SoftDsn\Activity 6\rest-api-servlets
28-Sep-2021 13:43:26.548 INFO [main] org.apache.catalina.startup.VersionLoggerListener.log Command line argument: -Djava.io.tmpdir=F:\Users\Documents\Subjects\SoftDsn\Activity 6\rest-api-servlets\temp
28-Sep-2021 13:43:26.552 INFO [main] org.apache.catalina.core.AprLifecycleListener.lifecycleEvent Loaded Apache Tomcat Native library [1.2.30] using APR version [1.7.0].
28-Sep-2021 13:43:26.552 INFO [main] org.apache.catalina.core.AprLifecycleListener.lifecycleEvent APR capabilities: IPv6 [true], sendfile [true], accept filters [false], random [true], UDS [true].
28-Sep-2021 13:43:26.552 INFO [main] org.apache.catalina.core.AprLifecycleListener.lifecycleEvent APR/OpenSSL configuration: useAprConnector [false], useOpenSSL [true]
28-Sep-2021 13:43:26.555 INFO [main] org.apache.catalina.core.AprLifecycleListener.initializeSSL OpenSSL successfully initialized [OpenSSL 1.1.1k  25 Mar 2021]
28-Sep-2021 13:43:26.697 INFO [main] org.apache.coyote.AbstractProtocol.init Initializing ProtocolHandler ["http-nio-8080"]
28-Sep-2021 13:43:26.709 INFO [main] org.apache.catalina.startup.Catalina.load Server initialization in [267] milliseconds
28-Sep-2021 13:43:26.733 INFO [main] org.apache.catalina.core.StandardService.startInternal Starting service [Catalina]
28-Sep-2021 13:43:26.733 INFO [main] org.apache.catalina.core.StandardEngine.startInternal Starting Servlet engine: [Apache Tomcat/9.0.53]
28-Sep-2021 13:43:26.737 INFO [main] org.apache.catalina.startup.HostConfig.deployDirectory Deploying web application directory [F:\Users\Documents\Subjects\SoftDsn\Activity 6\rest-api-servlets\webapps\app]
28-Sep-2021 13:43:26.902 INFO [main] org.apache.catalina.startup.HostConfig.deployDirectory Deployment of web application directory [F:\Users\Documents\Subjects\SoftDsn\Activity 6\rest-api-servlets\webapps\app] has finished in [165] ms
28-Sep-2021 13:43:26.902 INFO [main] org.apache.catalina.startup.HostConfig.deployDirectory Deploying web application directory [F:\Users\Documents\Subjects\SoftDsn\Activity 6\rest-api-servlets\webapps\docs]
28-Sep-2021 13:43:26.918 INFO [main] org.apache.catalina.startup.HostConfig.deployDirectory Deployment of web application directory [F:\Users\Documents\Subjects\SoftDsn\Activity 6\rest-api-servlets\webapps\docs] has finished in [16] ms
28-Sep-2021 13:43:26.919 INFO [main] org.apache.catalina.startup.HostConfig.deployDirectory Deploying web application directory [F:\Users\Documents\Subjects\SoftDsn\Activity 6\rest-api-servlets\webapps\examples]
28-Sep-2021 13:43:27.098 INFO [main] org.apache.catalina.startup.HostConfig.deployDirectory Deployment of web application directory [F:\Users\Documents\Subjects\SoftDsn\Activity 6\rest-api-servlets\webapps\examples] has finished in [179] ms
28-Sep-2021 13:43:27.098 INFO [main] org.apache.catalina.startup.HostConfig.deployDirectory Deploying web application directory [F:\Users\Documents\Subjects\SoftDsn\Activity 6\rest-api-servlets\webapps\host-manager]
28-Sep-2021 13:43:27.118 INFO [main] org.apache.catalina.startup.HostConfig.deployDirectory Deployment of web application directory [F:\Users\Documents\Subjects\SoftDsn\Activity 6\rest-api-servlets\webapps\host-manager] has finished in [20] ms
28-Sep-2021 13:43:27.118 INFO [main] org.apache.catalina.startup.HostConfig.deployDirectory Deploying web application directory [F:\Users\Documents\Subjects\SoftDsn\Activity 6\rest-api-servlets\webapps\manager]
28-Sep-2021 13:43:27.137 INFO [main] org.apache.catalina.startup.HostConfig.deployDirectory Deployment of web application directory [F:\Users\Documents\Subjects\SoftDsn\Activity 6\rest-api-servlets\webapps\manager] has finished in [19] ms
28-Sep-2021 13:43:27.138 INFO [main] org.apache.catalina.startup.HostConfig.deployDirectory Deploying web application directory [F:\Users\Documents\Subjects\SoftDsn\Activity 6\rest-api-servlets\webapps\ROOT]
28-Sep-2021 13:43:27.150 INFO [main] org.apache.catalina.startup.HostConfig.deployDirectory Deployment of web application directory [F:\Users\Documents\Subjects\SoftDsn\Activity 6\rest-api-servlets\webapps\ROOT] has finished in [12] ms
28-Sep-2021 13:43:27.152 INFO [main] org.apache.coyote.AbstractProtocol.start Starting ProtocolHandler ["http-nio-8080"]
28-Sep-2021 13:43:27.194 INFO [main] org.apache.catalina.startup.Catalina.start Server startup in [484] milliseconds
28-Sep-2021 13:43:51.710 INFO [Thread-2] org.apache.coyote.AbstractProtocol.pause Pausing ProtocolHandler ["http-nio-8080"]
28-Sep-2021 13:43:51.719 INFO [Thread-2] org.apache.catalina.core.StandardService.stopInternal Stopping service [Catalina]
28-Sep-2021 13:43:51.731 INFO [Thread-2] org.apache.coyote.AbstractProtocol.stop Stopping ProtocolHandler ["http-nio-8080"]
28-Sep-2021 13:43:51.781 INFO [Thread-2] org.apache.coyote.AbstractProtocol.destroy Destroying ProtocolHandler ["http-nio-8080"]
28-Sep-2021 13:43:53.444 INFO [main] org.apache.catalina.startup.VersionLoggerListener.log Server version name:   Apache Tomcat/9.0.53
28-Sep-2021 13:43:53.446 INFO [main] org.apache.catalina.startup.VersionLoggerListener.log Server built:          Sep 6 2021 19:09:00 UTC
28-Sep-2021 13:43:53.447 INFO [main] org.apache.catalina.startup.VersionLoggerListener.log Server version number: 9.0.53.0
28-Sep-2021 13:43:53.447 INFO [main] org.apache.catalina.startup.VersionLoggerListener.log OS Name:               Windows 10
28-Sep-2021 13:43:53.447 INFO [main] org.apache.catalina.startup.VersionLoggerListener.log OS Version:            10.0
28-Sep-2021 13:43:53.447 INFO [main] org.apache.catalina.startup.VersionLoggerListener.log Architecture:          amd64
28-Sep-2021 13:43:53.447 INFO [main] org.apache.catalina.startup.VersionLoggerListener.log Java Home:             C:\Program Files\Java\jdk-16.0.2
28-Sep-2021 13:43:53.447 INFO [main] org.apache.catalina.startup.VersionLoggerListener.log JVM Version:           16.0.2+7-67
28-Sep-2021 13:43:53.447 INFO [main] org.apache.catalina.startup.VersionLoggerListener.log JVM Vendor:            Oracle Corporation
28-Sep-2021 13:43:53.447 INFO [main] org.apache.catalina.startup.VersionLoggerListener.log CATALINA_BASE:         F:\Users\Documents\Subjects\SoftDsn\Activity 6\rest-api-servlets
28-Sep-2021 13:43:53.448 INFO [main] org.apache.catalina.startup.VersionLoggerListener.log CATALINA_HOME:         F:\Users\Documents\Subjects\SoftDsn\Activity 6\rest-api-servlets
28-Sep-2021 13:43:53.454 INFO [main] org.apache.catalina.startup.VersionLoggerListener.log Command line argument: --add-opens=java.base/java.lang=ALL-UNNAMED
28-Sep-2021 13:43:53.454 INFO [main] org.apache.catalina.startup.VersionLoggerListener.log Command line argument: --add-opens=java.base/java.io=ALL-UNNAMED
28-Sep-2021 13:43:53.454 INFO [main] org.apache.catalina.startup.VersionLoggerListener.log Command line argument: --add-opens=java.base/java.util=ALL-UNNAMED
28-Sep-2021 13:43:53.454 INFO [main] org.apache.catalina.startup.VersionLoggerListener.log Command line argument: --add-opens=java.base/java.util.concurrent=ALL-UNNAMED
28-Sep-2021 13:43:53.454 INFO [main] org.apache.catalina.startup.VersionLoggerListener.log Command line argument: --add-opens=java.rmi/sun.rmi.transport=ALL-UNNAMED
28-Sep-2021 13:43:53.454 INFO [main] org.apache.catalina.startup.VersionLoggerListener.log Command line argument: -Djava.util.logging.config.file=F:\Users\Documents\Subjects\SoftDsn\Activity 6\rest-api-servlets\conf\logging.properties
28-Sep-2021 13:43:53.454 INFO [main] org.apache.catalina.startup.VersionLoggerListener.log Command line argument: -Djava.util.logging.manager=org.apache.juli.ClassLoaderLogManager
28-Sep-2021 13:43:53.455 INFO [main] org.apache.catalina.startup.VersionLoggerListener.log Command line argument: -Djdk.tls.ephemeralDHKeySize=2048
28-Sep-2021 13:43:53.455 INFO [main] org.apache.catalina.startup.VersionLoggerListener.log Command line argument: -Djava.protocol.handler.pkgs=org.apache.catalina.webresources
28-Sep-2021 13:43:53.455 INFO [main] org.apache.catalina.startup.VersionLoggerListener.log Command line argument: -Dignore.endorsed.dirs=
28-Sep-2021 13:43:53.455 INFO [main] org.apache.catalina.startup.VersionLoggerListener.log Command line argument: -Dcatalina.base=F:\Users\Documents\Subjects\SoftDsn\Activity 6\rest-api-servlets
28-Sep-2021 13:43:53.455 INFO [main] org.apache.catalina.startup.VersionLoggerListener.log Command line argument: -Dcatalina.home=F:\Users\Documents\Subjects\SoftDsn\Activity 6\rest-api-servlets
28-Sep-2021 13:43:53.455 INFO [main] org.apache.catalina.startup.VersionLoggerListener.log Command line argument: -Djava.io.tmpdir=F:\Users\Documents\Subjects\SoftDsn\Activity 6\rest-api-servlets\temp
28-Sep-2021 13:43:53.458 INFO [main] org.apache.catalina.core.AprLifecycleListener.lifecycleEvent Loaded Apache Tomcat Native library [1.2.30] using APR version [1.7.0].
28-Sep-2021 13:43:53.458 INFO [main] org.apache.catalina.core.AprLifecycleListener.lifecycleEvent APR capabilities: IPv6 [true], sendfile [true], accept filters [false], random [true], UDS [true].
28-Sep-2021 13:43:53.458 INFO [main] org.apache.catalina.core.AprLifecycleListener.lifecycleEvent APR/OpenSSL configuration: useAprConnector [false], useOpenSSL [true]
28-Sep-2021 13:43:53.461 INFO [main] org.apache.catalina.core.AprLifecycleListener.initializeSSL OpenSSL successfully initialized [OpenSSL 1.1.1k  25 Mar 2021]
28-Sep-2021 13:43:53.605 INFO [main] org.apache.coyote.AbstractProtocol.init Initializing ProtocolHandler ["http-nio-8080"]
28-Sep-2021 13:43:53.617 INFO [main] org.apache.catalina.startup.Catalina.load Server initialization in [264] milliseconds
28-Sep-2021 13:43:53.642 INFO [main] org.apache.catalina.core.StandardService.startInternal Starting service [Catalina]
28-Sep-2021 13:43:53.642 INFO [main] org.apache.catalina.core.StandardEngine.startInternal Starting Servlet engine: [Apache Tomcat/9.0.53]
28-Sep-2021 13:43:53.646 INFO [main] org.apache.catalina.startup.HostConfig.deployDirectory Deploying web application directory [F:\Users\Documents\Subjects\SoftDsn\Activity 6\rest-api-servlets\webapps\app]
28-Sep-2021 13:43:53.815 INFO [main] org.apache.catalina.startup.HostConfig.deployDirectory Deployment of web application directory [F:\Users\Documents\Subjects\SoftDsn\Activity 6\rest-api-servlets\webapps\app] has finished in [169] ms
28-Sep-2021 13:43:53.816 INFO [main] org.apache.catalina.startup.HostConfig.deployDirectory Deploying web application directory [F:\Users\Documents\Subjects\SoftDsn\Activity 6\rest-api-servlets\webapps\docs]
28-Sep-2021 13:43:53.830 INFO [main] org.apache.catalina.startup.HostConfig.deployDirectory Deployment of web application directory [F:\Users\Documents\Subjects\SoftDsn\Activity 6\rest-api-servlets\webapps\docs] has finished in [15] ms
28-Sep-2021 13:43:53.831 INFO [main] org.apache.catalina.startup.HostConfig.deployDirectory Deploying web application directory [F:\Users\Documents\Subjects\SoftDsn\Activity 6\rest-api-servlets\webapps\examples]
28-Sep-2021 13:43:54.013 INFO [main] org.apache.catalina.startup.HostConfig.deployDirectory Deployment of web application directory [F:\Users\Documents\Subjects\SoftDsn\Activity 6\rest-api-servlets\webapps\examples] has finished in [183] ms
28-Sep-2021 13:43:54.013 INFO [main] org.apache.catalina.startup.HostConfig.deployDirectory Deploying web application directory [F:\Users\Documents\Subjects\SoftDsn\Activity 6\rest-api-servlets\webapps\host-manager]
28-Sep-2021 13:43:54.036 INFO [main] org.apache.catalina.startup.HostConfig.deployDirectory Deployment of web application directory [F:\Users\Documents\Subjects\SoftDsn\Activity 6\rest-api-servlets\webapps\host-manager] has finished in [23] ms
28-Sep-2021 13:43:54.036 INFO [main] org.apache.catalina.startup.HostConfig.deployDirectory Deploying web application directory [F:\Users\Documents\Subjects\SoftDsn\Activity 6\rest-api-servlets\webapps\manager]
28-Sep-2021 13:43:54.057 INFO [main] org.apache.catalina.startup.HostConfig.deployDirectory Deployment of web application directory [F:\Users\Documents\Subjects\SoftDsn\Activity 6\rest-api-servlets\webapps\manager] has finished in [21] ms
28-Sep-2021 13:43:54.057 INFO [main] org.apache.catalina.startup.HostConfig.deployDirectory Deploying web application directory [F:\Users\Documents\Subjects\SoftDsn\Activity 6\rest-api-servlets\webapps\ROOT]
28-Sep-2021 13:43:54.069 INFO [main] org.apache.catalina.startup.HostConfig.deployDirectory Deployment of web application directory [F:\Users\Documents\Subjects\SoftDsn\Activity 6\rest-api-servlets\webapps\ROOT] has finished in [12] ms
28-Sep-2021 13:43:54.071 INFO [main] org.apache.coyote.AbstractProtocol.start Starting ProtocolHandler ["http-nio-8080"]
28-Sep-2021 13:43:54.115 INFO [main] org.apache.catalina.startup.Catalina.start Server startup in [498] milliseconds
28-Sep-2021 13:45:24.014 INFO [Thread-2] org.apache.coyote.AbstractProtocol.pause Pausing ProtocolHandler ["http-nio-8080"]
28-Sep-2021 13:45:24.031 INFO [Thread-2] org.apache.catalina.core.StandardService.stopInternal Stopping service [Catalina]
28-Sep-2021 13:45:24.042 INFO [Thread-2] org.apache.coyote.AbstractProtocol.stop Stopping ProtocolHandler ["http-nio-8080"]
28-Sep-2021 13:45:24.076 INFO [Thread-2] org.apache.coyote.AbstractProtocol.destroy Destroying ProtocolHandler ["http-nio-8080"]
28-Sep-2021 13:45:27.082 INFO [main] org.apache.catalina.startup.VersionLoggerListener.log Server version name:   Apache Tomcat/9.0.53
28-Sep-2021 13:45:27.085 INFO [main] org.apache.catalina.startup.VersionLoggerListener.log Server built:          Sep 6 2021 19:09:00 UTC
28-Sep-2021 13:45:27.085 INFO [main] org.apache.catalina.startup.VersionLoggerListener.log Server version number: 9.0.53.0
28-Sep-2021 13:45:27.085 INFO [main] org.apache.catalina.startup.VersionLoggerListener.log OS Name:               Windows 10
28-Sep-2021 13:45:27.085 INFO [main] org.apache.catalina.startup.VersionLoggerListener.log OS Version:            10.0
28-Sep-2021 13:45:27.085 INFO [main] org.apache.catalina.startup.VersionLoggerListener.log Architecture:          amd64
28-Sep-2021 13:45:27.085 INFO [main] org.apache.catalina.startup.VersionLoggerListener.log Java Home:             C:\Program Files\Java\jdk-16.0.2
28-Sep-2021 13:45:27.085 INFO [main] org.apache.catalina.startup.VersionLoggerListener.log JVM Version:           16.0.2+7-67
28-Sep-2021 13:45:27.085 INFO [main] org.apache.catalina.startup.VersionLoggerListener.log JVM Vendor:            Oracle Corporation
28-Sep-2021 13:45:27.085 INFO [main] org.apache.catalina.startup.VersionLoggerListener.log CATALINA_BASE:         F:\Users\Documents\Subjects\SoftDsn\Activity 6\rest-api-servlets
28-Sep-2021 13:45:27.086 INFO [main] org.apache.catalina.startup.VersionLoggerListener.log CATALINA_HOME:         F:\Users\Documents\Subjects\SoftDsn\Activity 6\rest-api-servlets
28-Sep-2021 13:45:27.092 INFO [main] org.apache.catalina.startup.VersionLoggerListener.log Command line argument: --add-opens=java.base/java.lang=ALL-UNNAMED
28-Sep-2021 13:45:27.093 INFO [main] org.apache.catalina.startup.VersionLoggerListener.log Command line argument: --add-opens=java.base/java.io=ALL-UNNAMED
28-Sep-2021 13:45:27.093 INFO [main] org.apache.catalina.startup.VersionLoggerListener.log Command line argument: --add-opens=java.base/java.util=ALL-UNNAMED
28-Sep-2021 13:45:27.093 INFO [main] org.apache.catalina.startup.VersionLoggerListener.log Command line argument: --add-opens=java.base/java.util.concurrent=ALL-UNNAMED
28-Sep-2021 13:45:27.093 INFO [main] org.apache.catalina.startup.VersionLoggerListener.log Command line argument: --add-opens=java.rmi/sun.rmi.transport=ALL-UNNAMED
28-Sep-2021 13:45:27.093 INFO [main] org.apache.catalina.startup.VersionLoggerListener.log Command line argument: -Djava.util.logging.config.file=F:\Users\Documents\Subjects\SoftDsn\Activity 6\rest-api-servlets\conf\logging.properties
28-Sep-2021 13:45:27.093 INFO [main] org.apache.catalina.startup.VersionLoggerListener.log Command line argument: -Djava.util.logging.manager=org.apache.juli.ClassLoaderLogManager
28-Sep-2021 13:45:27.093 INFO [main] org.apache.catalina.startup.VersionLoggerListener.log Command line argument: -Djdk.tls.ephemeralDHKeySize=2048
28-Sep-2021 13:45:27.093 INFO [main] org.apache.catalina.startup.VersionLoggerListener.log Command line argument: -Djava.protocol.handler.pkgs=org.apache.catalina.webresources
28-Sep-2021 13:45:27.094 INFO [main] org.apache.catalina.startup.VersionLoggerListener.log Command line argument: -Dignore.endorsed.dirs=
28-Sep-2021 13:45:27.094 INFO [main] org.apache.catalina.startup.VersionLoggerListener.log Command line argument: -Dcatalina.base=F:\Users\Documents\Subjects\SoftDsn\Activity 6\rest-api-servlets
28-Sep-2021 13:45:27.094 INFO [main] org.apache.catalina.startup.VersionLoggerListener.log Command line argument: -Dcatalina.home=F:\Users\Documents\Subjects\SoftDsn\Activity 6\rest-api-servlets
28-Sep-2021 13:45:27.094 INFO [main] org.apache.catalina.startup.VersionLoggerListener.log Command line argument: -Djava.io.tmpdir=F:\Users\Documents\Subjects\SoftDsn\Activity 6\rest-api-servlets\temp
28-Sep-2021 13:45:27.097 INFO [main] org.apache.catalina.core.AprLifecycleListener.lifecycleEvent Loaded Apache Tomcat Native library [1.2.30] using APR version [1.7.0].
28-Sep-2021 13:45:27.097 INFO [main] org.apache.catalina.core.AprLifecycleListener.lifecycleEvent APR capabilities: IPv6 [true], sendfile [true], accept filters [false], random [true], UDS [true].
28-Sep-2021 13:45:27.097 INFO [main] org.apache.catalina.core.AprLifecycleListener.lifecycleEvent APR/OpenSSL configuration: useAprConnector [false], useOpenSSL [true]
28-Sep-2021 13:45:27.100 INFO [main] org.apache.catalina.core.AprLifecycleListener.initializeSSL OpenSSL successfully initialized [OpenSSL 1.1.1k  25 Mar 2021]
28-Sep-2021 13:45:27.246 INFO [main] org.apache.coyote.AbstractProtocol.init Initializing ProtocolHandler ["http-nio-8080"]
28-Sep-2021 13:45:27.258 INFO [main] org.apache.catalina.startup.Catalina.load Server initialization in [268] milliseconds
28-Sep-2021 13:45:27.281 INFO [main] org.apache.catalina.core.StandardService.startInternal Starting service [Catalina]
28-Sep-2021 13:45:27.281 INFO [main] org.apache.catalina.core.StandardEngine.startInternal Starting Servlet engine: [Apache Tomcat/9.0.53]
28-Sep-2021 13:45:27.285 INFO [main] org.apache.catalina.startup.HostConfig.deployDirectory Deploying web application directory [F:\Users\Documents\Subjects\SoftDsn\Activity 6\rest-api-servlets\webapps\app]
28-Sep-2021 13:45:27.448 INFO [main] org.apache.catalina.startup.HostConfig.deployDirectory Deployment of web application directory [F:\Users\Documents\Subjects\SoftDsn\Activity 6\rest-api-servlets\webapps\app] has finished in [162] ms
28-Sep-2021 13:45:27.448 INFO [main] org.apache.catalina.startup.HostConfig.deployDirectory Deploying web application directory [F:\Users\Documents\Subjects\SoftDsn\Activity 6\rest-api-servlets\webapps\docs]
28-Sep-2021 13:45:27.463 INFO [main] org.apache.catalina.startup.HostConfig.deployDirectory Deployment of web application directory [F:\Users\Documents\Subjects\SoftDsn\Activity 6\rest-api-servlets\webapps\docs] has finished in [14] ms
28-Sep-2021 13:45:27.463 INFO [main] org.apache.catalina.startup.HostConfig.deployDirectory Deploying web application directory [F:\Users\Documents\Subjects\SoftDsn\Activity 6\rest-api-servlets\webapps\examples]
28-Sep-2021 13:45:27.644 INFO [main] org.apache.catalina.startup.HostConfig.deployDirectory Deployment of web application directory [F:\Users\Documents\Subjects\SoftDsn\Activity 6\rest-api-servlets\webapps\examples] has finished in [180] ms
28-Sep-2021 13:45:27.644 INFO [main] org.apache.catalina.startup.HostConfig.deployDirectory Deploying web application directory [F:\Users\Documents\Subjects\SoftDsn\Activity 6\rest-api-servlets\webapps\host-manager]
28-Sep-2021 13:45:27.664 INFO [main] org.apache.catalina.startup.HostConfig.deployDirectory Deployment of web application directory [F:\Users\Documents\Subjects\SoftDsn\Activity 6\rest-api-servlets\webapps\host-manager] has finished in [20] ms
28-Sep-2021 13:45:27.664 INFO [main] org.apache.catalina.startup.HostConfig.deployDirectory Deploying web application directory [F:\Users\Documents\Subjects\SoftDsn\Activity 6\rest-api-servlets\webapps\manager]
28-Sep-2021 13:45:27.683 INFO [main] org.apache.catalina.startup.HostConfig.deployDirectory Deployment of web application directory [F:\Users\Documents\Subjects\SoftDsn\Activity 6\rest-api-servlets\webapps\manager] has finished in [19] ms
28-Sep-2021 13:45:27.683 INFO [main] org.apache.catalina.startup.HostConfig.deployDirectory Deploying web application directory [F:\Users\Documents\Subjects\SoftDsn\Activity 6\rest-api-servlets\webapps\ROOT]
28-Sep-2021 13:45:27.695 INFO [main] org.apache.catalina.startup.HostConfig.deployDirectory Deployment of web application directory [F:\Users\Documents\Subjects\SoftDsn\Activity 6\rest-api-servlets\webapps\ROOT] has finished in [12] ms
28-Sep-2021 13:45:27.697 INFO [main] org.apache.coyote.AbstractProtocol.start Starting ProtocolHandler ["http-nio-8080"]
28-Sep-2021 13:45:27.739 INFO [main] org.apache.catalina.startup.Catalina.start Server startup in [481] milliseconds
28-Sep-2021 13:45:33.914 INFO [Thread-2] org.apache.coyote.AbstractProtocol.pause Pausing ProtocolHandler ["http-nio-8080"]
28-Sep-2021 13:45:33.931 INFO [Thread-2] org.apache.catalina.core.StandardService.stopInternal Stopping service [Catalina]
28-Sep-2021 13:45:33.942 INFO [Thread-2] org.apache.coyote.AbstractProtocol.stop Stopping ProtocolHandler ["http-nio-8080"]
28-Sep-2021 13:45:33.975 INFO [Thread-2] org.apache.coyote.AbstractProtocol.destroy Destroying ProtocolHandler ["http-nio-8080"]
28-Sep-2021 13:45:43.166 INFO [main] org.apache.catalina.startup.VersionLoggerListener.log Server version name:   Apache Tomcat/9.0.53
28-Sep-2021 13:45:43.169 INFO [main] org.apache.catalina.startup.VersionLoggerListener.log Server built:          Sep 6 2021 19:09:00 UTC
28-Sep-2021 13:45:43.169 INFO [main] org.apache.catalina.startup.VersionLoggerListener.log Server version number: 9.0.53.0
28-Sep-2021 13:45:43.169 INFO [main] org.apache.catalina.startup.VersionLoggerListener.log OS Name:               Windows 10
28-Sep-2021 13:45:43.169 INFO [main] org.apache.catalina.startup.VersionLoggerListener.log OS Version:            10.0
28-Sep-2021 13:45:43.169 INFO [main] org.apache.catalina.startup.VersionLoggerListener.log Architecture:          amd64
28-Sep-2021 13:45:43.169 INFO [main] org.apache.catalina.startup.VersionLoggerListener.log Java Home:             C:\Program Files\Java\jdk-16.0.2
28-Sep-2021 13:45:43.169 INFO [main] org.apache.catalina.startup.VersionLoggerListener.log JVM Version:           16.0.2+7-67
28-Sep-2021 13:45:43.170 INFO [main] org.apache.catalina.startup.VersionLoggerListener.log JVM Vendor:            Oracle Corporation
28-Sep-2021 13:45:43.170 INFO [main] org.apache.catalina.startup.VersionLoggerListener.log CATALINA_BASE:         F:\Users\Documents\Subjects\SoftDsn\Activity 6\rest-api-servlets
28-Sep-2021 13:45:43.170 INFO [main] org.apache.catalina.startup.VersionLoggerListener.log CATALINA_HOME:         F:\Users\Documents\Subjects\SoftDsn\Activity 6\rest-api-servlets
28-Sep-2021 13:45:43.176 INFO [main] org.apache.catalina.startup.VersionLoggerListener.log Command line argument: --add-opens=java.base/java.lang=ALL-UNNAMED
28-Sep-2021 13:45:43.176 INFO [main] org.apache.catalina.startup.VersionLoggerListener.log Command line argument: --add-opens=java.base/java.io=ALL-UNNAMED
28-Sep-2021 13:45:43.177 INFO [main] org.apache.catalina.startup.VersionLoggerListener.log Command line argument: --add-opens=java.base/java.util=ALL-UNNAMED
28-Sep-2021 13:45:43.177 INFO [main] org.apache.catalina.startup.VersionLoggerListener.log Command line argument: --add-opens=java.base/java.util.concurrent=ALL-UNNAMED
28-Sep-2021 13:45:43.177 INFO [main] org.apache.catalina.startup.VersionLoggerListener.log Command line argument: --add-opens=java.rmi/sun.rmi.transport=ALL-UNNAMED
28-Sep-2021 13:45:43.177 INFO [main] org.apache.catalina.startup.VersionLoggerListener.log Command line argument: -Djava.util.logging.config.file=F:\Users\Documents\Subjects\SoftDsn\Activity 6\rest-api-servlets\conf\logging.properties
28-Sep-2021 13:45:43.177 INFO [main] org.apache.catalina.startup.VersionLoggerListener.log Command line argument: -Djava.util.logging.manager=org.apache.juli.ClassLoaderLogManager
28-Sep-2021 13:45:43.177 INFO [main] org.apache.catalina.startup.VersionLoggerListener.log Command line argument: -Djdk.tls.ephemeralDHKeySize=2048
28-Sep-2021 13:45:43.177 INFO [main] org.apache.catalina.startup.VersionLoggerListener.log Command line argument: -Djava.protocol.handler.pkgs=org.apache.catalina.webresources
28-Sep-2021 13:45:43.177 INFO [main] org.apache.catalina.startup.VersionLoggerListener.log Command line argument: -Dignore.endorsed.dirs=
28-Sep-2021 13:45:43.177 INFO [main] org.apache.catalina.startup.VersionLoggerListener.log Command line argument: -Dcatalina.base=F:\Users\Documents\Subjects\SoftDsn\Activity 6\rest-api-servlets
28-Sep-2021 13:45:43.178 INFO [main] org.apache.catalina.startup.VersionLoggerListener.log Command line argument: -Dcatalina.home=F:\Users\Documents\Subjects\SoftDsn\Activity 6\rest-api-servlets
28-Sep-2021 13:45:43.178 INFO [main] org.apache.catalina.startup.VersionLoggerListener.log Command line argument: -Djava.io.tmpdir=F:\Users\Documents\Subjects\SoftDsn\Activity 6\rest-api-servlets\temp
28-Sep-2021 13:45:43.181 INFO [main] org.apache.catalina.core.AprLifecycleListener.lifecycleEvent Loaded Apache Tomcat Native library [1.2.30] using APR version [1.7.0].
28-Sep-2021 13:45:43.181 INFO [main] org.apache.catalina.core.AprLifecycleListener.lifecycleEvent APR capabilities: IPv6 [true], sendfile [true], accept filters [false], random [true], UDS [true].
28-Sep-2021 13:45:43.181 INFO [main] org.apache.catalina.core.AprLifecycleListener.lifecycleEvent APR/OpenSSL configuration: useAprConnector [false], useOpenSSL [true]
28-Sep-2021 13:45:43.184 INFO [main] org.apache.catalina.core.AprLifecycleListener.initializeSSL OpenSSL successfully initialized [OpenSSL 1.1.1k  25 Mar 2021]
28-Sep-2021 13:45:43.327 INFO [main] org.apache.coyote.AbstractProtocol.init Initializing ProtocolHandler ["http-nio-8080"]
28-Sep-2021 13:45:43.339 INFO [main] org.apache.catalina.startup.Catalina.load Server initialization in [266] milliseconds
28-Sep-2021 13:45:43.364 INFO [main] org.apache.catalina.core.StandardService.startInternal Starting service [Catalina]
28-Sep-2021 13:45:43.365 INFO [main] org.apache.catalina.core.StandardEngine.startInternal Starting Servlet engine: [Apache Tomcat/9.0.53]
28-Sep-2021 13:45:43.369 INFO [main] org.apache.catalina.startup.HostConfig.deployDirectory Deploying web application directory [F:\Users\Documents\Subjects\SoftDsn\Activity 6\rest-api-servlets\webapps\app]
28-Sep-2021 13:45:43.539 INFO [main] org.apache.catalina.startup.HostConfig.deployDirectory Deployment of web application directory [F:\Users\Documents\Subjects\SoftDsn\Activity 6\rest-api-servlets\webapps\app] has finished in [169] ms
28-Sep-2021 13:45:43.539 INFO [main] org.apache.catalina.startup.HostConfig.deployDirectory Deploying web application directory [F:\Users\Documents\Subjects\SoftDsn\Activity 6\rest-api-servlets\webapps\docs]
28-Sep-2021 13:45:43.554 INFO [main] org.apache.catalina.startup.HostConfig.deployDirectory Deployment of web application directory [F:\Users\Documents\Subjects\SoftDsn\Activity 6\rest-api-servlets\webapps\docs] has finished in [15] ms
28-Sep-2021 13:45:43.554 INFO [main] org.apache.catalina.startup.HostConfig.deployDirectory Deploying web application directory [F:\Users\Documents\Subjects\SoftDsn\Activity 6\rest-api-servlets\webapps\examples]
28-Sep-2021 13:45:43.736 INFO [main] org.apache.catalina.startup.HostConfig.deployDirectory Deployment of web application directory [F:\Users\Documents\Subjects\SoftDsn\Activity 6\rest-api-servlets\webapps\examples] has finished in [182] ms
28-Sep-2021 13:45:43.736 INFO [main] org.apache.catalina.startup.HostConfig.deployDirectory Deploying web application directory [F:\Users\Documents\Subjects\SoftDsn\Activity 6\rest-api-servlets\webapps\host-manager]
28-Sep-2021 13:45:43.757 INFO [main] org.apache.catalina.startup.HostConfig.deployDirectory Deployment of web application directory [F:\Users\Documents\Subjects\SoftDsn\Activity 6\rest-api-servlets\webapps\host-manager] has finished in [21] ms
28-Sep-2021 13:45:43.757 INFO [main] org.apache.catalina.startup.HostConfig.deployDirectory Deploying web application directory [F:\Users\Documents\Subjects\SoftDsn\Activity 6\rest-api-servlets\webapps\manager]
28-Sep-2021 13:45:43.776 INFO [main] org.apache.catalina.startup.HostConfig.deployDirectory Deployment of web application directory [F:\Users\Documents\Subjects\SoftDsn\Activity 6\rest-api-servlets\webapps\manager] has finished in [19] ms
28-Sep-2021 13:45:43.777 INFO [main] org.apache.catalina.startup.HostConfig.deployDirectory Deploying web application directory [F:\Users\Documents\Subjects\SoftDsn\Activity 6\rest-api-servlets\webapps\ROOT]
28-Sep-2021 13:45:43.789 INFO [main] org.apache.catalina.startup.HostConfig.deployDirectory Deployment of web application directory [F:\Users\Documents\Subjects\SoftDsn\Activity 6\rest-api-servlets\webapps\ROOT] has finished in [12] ms
28-Sep-2021 13:45:43.791 INFO [main] org.apache.coyote.AbstractProtocol.start Starting ProtocolHandler ["http-nio-8080"]
28-Sep-2021 13:45:43.835 INFO [main] org.apache.catalina.startup.Catalina.start Server startup in [494] milliseconds
