04-Oct-2021 21:50:09.863 INFO [main] org.apache.catalina.startup.VersionLoggerListener.log Server version name:   Apache Tomcat/9.0.53
04-Oct-2021 21:50:09.865 INFO [main] org.apache.catalina.startup.VersionLoggerListener.log Server built:          Sep 6 2021 19:09:00 UTC
04-Oct-2021 21:50:09.865 INFO [main] org.apache.catalina.startup.VersionLoggerListener.log Server version number: 9.0.53.0
04-Oct-2021 21:50:09.865 INFO [main] org.apache.catalina.startup.VersionLoggerListener.log OS Name:               Windows 10
04-Oct-2021 21:50:09.865 INFO [main] org.apache.catalina.startup.VersionLoggerListener.log OS Version:            10.0
04-Oct-2021 21:50:09.866 INFO [main] org.apache.catalina.startup.VersionLoggerListener.log Architecture:          amd64
04-Oct-2021 21:50:09.866 INFO [main] org.apache.catalina.startup.VersionLoggerListener.log Java Home:             C:\Program Files\Java\jdk-16.0.2
04-Oct-2021 21:50:09.866 INFO [main] org.apache.catalina.startup.VersionLoggerListener.log JVM Version:           16.0.2+7-67
04-Oct-2021 21:50:09.866 INFO [main] org.apache.catalina.startup.VersionLoggerListener.log JVM Vendor:            Oracle Corporation
04-Oct-2021 21:50:09.866 INFO [main] org.apache.catalina.startup.VersionLoggerListener.log CATALINA_BASE:         F:\Users\Documents\Subjects\SoftDsn\Activity 6\rest-api-servlets
04-Oct-2021 21:50:09.866 INFO [main] org.apache.catalina.startup.VersionLoggerListener.log CATALINA_HOME:         F:\Users\Documents\Subjects\SoftDsn\Activity 6\rest-api-servlets
04-Oct-2021 21:50:09.873 INFO [main] org.apache.catalina.startup.VersionLoggerListener.log Command line argument: --add-opens=java.base/java.lang=ALL-UNNAMED
04-Oct-2021 21:50:09.873 INFO [main] org.apache.catalina.startup.VersionLoggerListener.log Command line argument: --add-opens=java.base/java.io=ALL-UNNAMED
04-Oct-2021 21:50:09.873 INFO [main] org.apache.catalina.startup.VersionLoggerListener.log Command line argument: --add-opens=java.base/java.util=ALL-UNNAMED
04-Oct-2021 21:50:09.873 INFO [main] org.apache.catalina.startup.VersionLoggerListener.log Command line argument: --add-opens=java.base/java.util.concurrent=ALL-UNNAMED
04-Oct-2021 21:50:09.873 INFO [main] org.apache.catalina.startup.VersionLoggerListener.log Command line argument: --add-opens=java.rmi/sun.rmi.transport=ALL-UNNAMED
04-Oct-2021 21:50:09.873 INFO [main] org.apache.catalina.startup.VersionLoggerListener.log Command line argument: -Djava.util.logging.config.file=F:\Users\Documents\Subjects\SoftDsn\Activity 6\rest-api-servlets\conf\logging.properties
04-Oct-2021 21:50:09.873 INFO [main] org.apache.catalina.startup.VersionLoggerListener.log Command line argument: -Djava.util.logging.manager=org.apache.juli.ClassLoaderLogManager
04-Oct-2021 21:50:09.874 INFO [main] org.apache.catalina.startup.VersionLoggerListener.log Command line argument: -Djdk.tls.ephemeralDHKeySize=2048
04-Oct-2021 21:50:09.874 INFO [main] org.apache.catalina.startup.VersionLoggerListener.log Command line argument: -Djava.protocol.handler.pkgs=org.apache.catalina.webresources
04-Oct-2021 21:50:09.874 INFO [main] org.apache.catalina.startup.VersionLoggerListener.log Command line argument: -Dignore.endorsed.dirs=
04-Oct-2021 21:50:09.874 INFO [main] org.apache.catalina.startup.VersionLoggerListener.log Command line argument: -Dcatalina.base=F:\Users\Documents\Subjects\SoftDsn\Activity 6\rest-api-servlets
04-Oct-2021 21:50:09.874 INFO [main] org.apache.catalina.startup.VersionLoggerListener.log Command line argument: -Dcatalina.home=F:\Users\Documents\Subjects\SoftDsn\Activity 6\rest-api-servlets
04-Oct-2021 21:50:09.874 INFO [main] org.apache.catalina.startup.VersionLoggerListener.log Command line argument: -Djava.io.tmpdir=F:\Users\Documents\Subjects\SoftDsn\Activity 6\rest-api-servlets\temp
04-Oct-2021 21:50:09.882 INFO [main] org.apache.catalina.core.AprLifecycleListener.lifecycleEvent Loaded Apache Tomcat Native library [1.2.30] using APR version [1.7.0].
04-Oct-2021 21:50:09.882 INFO [main] org.apache.catalina.core.AprLifecycleListener.lifecycleEvent APR capabilities: IPv6 [true], sendfile [true], accept filters [false], random [true], UDS [true].
04-Oct-2021 21:50:09.882 INFO [main] org.apache.catalina.core.AprLifecycleListener.lifecycleEvent APR/OpenSSL configuration: useAprConnector [false], useOpenSSL [true]
04-Oct-2021 21:50:09.899 INFO [main] org.apache.catalina.core.AprLifecycleListener.initializeSSL OpenSSL successfully initialized [OpenSSL 1.1.1k  25 Mar 2021]
04-Oct-2021 21:50:10.130 INFO [main] org.apache.coyote.AbstractProtocol.init Initializing ProtocolHandler ["http-nio-8080"]
04-Oct-2021 21:50:10.152 INFO [main] org.apache.catalina.startup.Catalina.load Server initialization in [626] milliseconds
04-Oct-2021 21:50:10.235 INFO [main] org.apache.catalina.core.StandardService.startInternal Starting service [Catalina]
04-Oct-2021 21:50:10.235 INFO [main] org.apache.catalina.core.StandardEngine.startInternal Starting Servlet engine: [Apache Tomcat/9.0.53]
04-Oct-2021 21:50:10.240 INFO [main] org.apache.catalina.startup.HostConfig.deployDirectory Deploying web application directory [F:\Users\Documents\Subjects\SoftDsn\Activity 6\rest-api-servlets\webapps\app]
04-Oct-2021 21:50:10.833 INFO [main] org.apache.jasper.servlet.TldScanner.scanJars At least one JAR was scanned for TLDs yet contained no TLDs. Enable debug logging for this logger for a complete list of JARs that were scanned but no TLDs were found in them. Skipping unneeded JARs during scanning can improve startup time and JSP compilation time.
04-Oct-2021 21:50:10.939 INFO [main] org.apache.catalina.startup.HostConfig.deployDirectory Deployment of web application directory [F:\Users\Documents\Subjects\SoftDsn\Activity 6\rest-api-servlets\webapps\app] has finished in [698] ms
04-Oct-2021 21:50:10.939 INFO [main] org.apache.catalina.startup.HostConfig.deployDirectory Deploying web application directory [F:\Users\Documents\Subjects\SoftDsn\Activity 6\rest-api-servlets\webapps\docs]
04-Oct-2021 21:50:11.133 INFO [main] org.apache.jasper.servlet.TldScanner.scanJars At least one JAR was scanned for TLDs yet contained no TLDs. Enable debug logging for this logger for a complete list of JARs that were scanned but no TLDs were found in them. Skipping unneeded JARs during scanning can improve startup time and JSP compilation time.
04-Oct-2021 21:50:11.135 INFO [main] org.apache.catalina.startup.HostConfig.deployDirectory Deployment of web application directory [F:\Users\Documents\Subjects\SoftDsn\Activity 6\rest-api-servlets\webapps\docs] has finished in [196] ms
04-Oct-2021 21:50:11.135 INFO [main] org.apache.catalina.startup.HostConfig.deployDirectory Deploying web application directory [F:\Users\Documents\Subjects\SoftDsn\Activity 6\rest-api-servlets\webapps\examples]
04-Oct-2021 21:50:12.124 INFO [main] org.apache.jasper.servlet.TldScanner.scanJars At least one JAR was scanned for TLDs yet contained no TLDs. Enable debug logging for this logger for a complete list of JARs that were scanned but no TLDs were found in them. Skipping unneeded JARs during scanning can improve startup time and JSP compilation time.
04-Oct-2021 21:50:12.165 INFO [main] org.apache.catalina.startup.HostConfig.deployDirectory Deployment of web application directory [F:\Users\Documents\Subjects\SoftDsn\Activity 6\rest-api-servlets\webapps\examples] has finished in [1,030] ms
04-Oct-2021 21:50:12.165 INFO [main] org.apache.catalina.startup.HostConfig.deployDirectory Deploying web application directory [F:\Users\Documents\Subjects\SoftDsn\Activity 6\rest-api-servlets\webapps\host-manager]
04-Oct-2021 21:50:12.383 INFO [main] org.apache.jasper.servlet.TldScanner.scanJars At least one JAR was scanned for TLDs yet contained no TLDs. Enable debug logging for this logger for a complete list of JARs that were scanned but no TLDs were found in them. Skipping unneeded JARs during scanning can improve startup time and JSP compilation time.
04-Oct-2021 21:50:12.387 INFO [main] org.apache.catalina.startup.HostConfig.deployDirectory Deployment of web application directory [F:\Users\Documents\Subjects\SoftDsn\Activity 6\rest-api-servlets\webapps\host-manager] has finished in [222] ms
04-Oct-2021 21:50:12.388 INFO [main] org.apache.catalina.startup.HostConfig.deployDirectory Deploying web application directory [F:\Users\Documents\Subjects\SoftDsn\Activity 6\rest-api-servlets\webapps\manager]
04-Oct-2021 21:50:12.596 INFO [main] org.apache.jasper.servlet.TldScanner.scanJars At least one JAR was scanned for TLDs yet contained no TLDs. Enable debug logging for this logger for a complete list of JARs that were scanned but no TLDs were found in them. Skipping unneeded JARs during scanning can improve startup time and JSP compilation time.
04-Oct-2021 21:50:12.599 INFO [main] org.apache.catalina.startup.HostConfig.deployDirectory Deployment of web application directory [F:\Users\Documents\Subjects\SoftDsn\Activity 6\rest-api-servlets\webapps\manager] has finished in [210] ms
04-Oct-2021 21:50:12.599 INFO [main] org.apache.catalina.startup.HostConfig.deployDirectory Deploying web application directory [F:\Users\Documents\Subjects\SoftDsn\Activity 6\rest-api-servlets\webapps\ROOT]
04-Oct-2021 21:50:12.778 INFO [main] org.apache.jasper.servlet.TldScanner.scanJars At least one JAR was scanned for TLDs yet contained no TLDs. Enable debug logging for this logger for a complete list of JARs that were scanned but no TLDs were found in them. Skipping unneeded JARs during scanning can improve startup time and JSP compilation time.
04-Oct-2021 21:50:12.779 INFO [main] org.apache.catalina.startup.HostConfig.deployDirectory Deployment of web application directory [F:\Users\Documents\Subjects\SoftDsn\Activity 6\rest-api-servlets\webapps\ROOT] has finished in [180] ms
04-Oct-2021 21:50:12.781 INFO [main] org.apache.coyote.AbstractProtocol.start Starting ProtocolHandler ["http-nio-8080"]
04-Oct-2021 21:50:12.823 INFO [main] org.apache.catalina.startup.Catalina.start Server startup in [2671] milliseconds
04-Oct-2021 22:01:36.060 INFO [Thread-2] org.apache.coyote.AbstractProtocol.pause Pausing ProtocolHandler ["http-nio-8080"]
04-Oct-2021 22:01:36.076 INFO [Thread-2] org.apache.catalina.core.StandardService.stopInternal Stopping service [Catalina]
04-Oct-2021 22:01:36.090 INFO [Thread-2] org.apache.coyote.AbstractProtocol.stop Stopping ProtocolHandler ["http-nio-8080"]
04-Oct-2021 22:01:36.122 INFO [Thread-2] org.apache.coyote.AbstractProtocol.destroy Destroying ProtocolHandler ["http-nio-8080"]
