05-Oct-2021 17:08:28.552 INFO [main] org.apache.catalina.startup.VersionLoggerListener.log Server version name:   Apache Tomcat/9.0.53
05-Oct-2021 17:08:28.556 INFO [main] org.apache.catalina.startup.VersionLoggerListener.log Server built:          Sep 6 2021 19:09:00 UTC
05-Oct-2021 17:08:28.556 INFO [main] org.apache.catalina.startup.VersionLoggerListener.log Server version number: 9.0.53.0
05-Oct-2021 17:08:28.556 INFO [main] org.apache.catalina.startup.VersionLoggerListener.log OS Name:               Windows 10
05-Oct-2021 17:08:28.557 INFO [main] org.apache.catalina.startup.VersionLoggerListener.log OS Version:            10.0
05-Oct-2021 17:08:28.557 INFO [main] org.apache.catalina.startup.VersionLoggerListener.log Architecture:          amd64
05-Oct-2021 17:08:28.557 INFO [main] org.apache.catalina.startup.VersionLoggerListener.log Java Home:             C:\Program Files\Java\jdk-16.0.2
05-Oct-2021 17:08:28.557 INFO [main] org.apache.catalina.startup.VersionLoggerListener.log JVM Version:           16.0.2+7-67
05-Oct-2021 17:08:28.557 INFO [main] org.apache.catalina.startup.VersionLoggerListener.log JVM Vendor:            Oracle Corporation
05-Oct-2021 17:08:28.557 INFO [main] org.apache.catalina.startup.VersionLoggerListener.log CATALINA_BASE:         F:\Users\Documents\Subjects\SoftDsn\Activity 6\rest-api-servlets
05-Oct-2021 17:08:28.557 INFO [main] org.apache.catalina.startup.VersionLoggerListener.log CATALINA_HOME:         F:\Users\Documents\Subjects\SoftDsn\Activity 6\rest-api-servlets
05-Oct-2021 17:08:28.563 INFO [main] org.apache.catalina.startup.VersionLoggerListener.log Command line argument: --add-opens=java.base/java.lang=ALL-UNNAMED
05-Oct-2021 17:08:28.563 INFO [main] org.apache.catalina.startup.VersionLoggerListener.log Command line argument: --add-opens=java.base/java.io=ALL-UNNAMED
05-Oct-2021 17:08:28.564 INFO [main] org.apache.catalina.startup.VersionLoggerListener.log Command line argument: --add-opens=java.base/java.util=ALL-UNNAMED
05-Oct-2021 17:08:28.564 INFO [main] org.apache.catalina.startup.VersionLoggerListener.log Command line argument: --add-opens=java.base/java.util.concurrent=ALL-UNNAMED
05-Oct-2021 17:08:28.564 INFO [main] org.apache.catalina.startup.VersionLoggerListener.log Command line argument: --add-opens=java.rmi/sun.rmi.transport=ALL-UNNAMED
05-Oct-2021 17:08:28.564 INFO [main] org.apache.catalina.startup.VersionLoggerListener.log Command line argument: -Djava.util.logging.config.file=F:\Users\Documents\Subjects\SoftDsn\Activity 6\rest-api-servlets\conf\logging.properties
05-Oct-2021 17:08:28.564 INFO [main] org.apache.catalina.startup.VersionLoggerListener.log Command line argument: -Djava.util.logging.manager=org.apache.juli.ClassLoaderLogManager
05-Oct-2021 17:08:28.564 INFO [main] org.apache.catalina.startup.VersionLoggerListener.log Command line argument: -Djdk.tls.ephemeralDHKeySize=2048
05-Oct-2021 17:08:28.564 INFO [main] org.apache.catalina.startup.VersionLoggerListener.log Command line argument: -Djava.protocol.handler.pkgs=org.apache.catalina.webresources
05-Oct-2021 17:08:28.564 INFO [main] org.apache.catalina.startup.VersionLoggerListener.log Command line argument: -Dignore.endorsed.dirs=
05-Oct-2021 17:08:28.565 INFO [main] org.apache.catalina.startup.VersionLoggerListener.log Command line argument: -Dcatalina.base=F:\Users\Documents\Subjects\SoftDsn\Activity 6\rest-api-servlets
05-Oct-2021 17:08:28.565 INFO [main] org.apache.catalina.startup.VersionLoggerListener.log Command line argument: -Dcatalina.home=F:\Users\Documents\Subjects\SoftDsn\Activity 6\rest-api-servlets
05-Oct-2021 17:08:28.565 INFO [main] org.apache.catalina.startup.VersionLoggerListener.log Command line argument: -Djava.io.tmpdir=F:\Users\Documents\Subjects\SoftDsn\Activity 6\rest-api-servlets\temp
05-Oct-2021 17:08:28.573 INFO [main] org.apache.catalina.core.AprLifecycleListener.lifecycleEvent Loaded Apache Tomcat Native library [1.2.30] using APR version [1.7.0].
05-Oct-2021 17:08:28.573 INFO [main] org.apache.catalina.core.AprLifecycleListener.lifecycleEvent APR capabilities: IPv6 [true], sendfile [true], accept filters [false], random [true], UDS [true].
05-Oct-2021 17:08:28.573 INFO [main] org.apache.catalina.core.AprLifecycleListener.lifecycleEvent APR/OpenSSL configuration: useAprConnector [false], useOpenSSL [true]
05-Oct-2021 17:08:28.590 INFO [main] org.apache.catalina.core.AprLifecycleListener.initializeSSL OpenSSL successfully initialized [OpenSSL 1.1.1k  25 Mar 2021]
05-Oct-2021 17:08:28.756 INFO [main] org.apache.coyote.AbstractProtocol.init Initializing ProtocolHandler ["http-nio-8080"]
05-Oct-2021 17:08:28.771 INFO [main] org.apache.catalina.startup.Catalina.load Server initialization in [338] milliseconds
05-Oct-2021 17:08:28.805 INFO [main] org.apache.catalina.core.StandardService.startInternal Starting service [Catalina]
05-Oct-2021 17:08:28.805 INFO [main] org.apache.catalina.core.StandardEngine.startInternal Starting Servlet engine: [Apache Tomcat/9.0.53]
05-Oct-2021 17:08:28.810 INFO [main] org.apache.catalina.startup.HostConfig.deployDirectory Deploying web application directory [F:\Users\Documents\Subjects\SoftDsn\Activity 6\rest-api-servlets\webapps\app]
05-Oct-2021 17:08:29.146 INFO [main] org.apache.jasper.servlet.TldScanner.scanJars At least one JAR was scanned for TLDs yet contained no TLDs. Enable debug logging for this logger for a complete list of JARs that were scanned but no TLDs were found in them. Skipping unneeded JARs during scanning can improve startup time and JSP compilation time.
05-Oct-2021 17:08:29.193 INFO [main] org.apache.catalina.startup.HostConfig.deployDirectory Deployment of web application directory [F:\Users\Documents\Subjects\SoftDsn\Activity 6\rest-api-servlets\webapps\app] has finished in [382] ms
05-Oct-2021 17:08:29.193 INFO [main] org.apache.catalina.startup.HostConfig.deployDirectory Deploying web application directory [F:\Users\Documents\Subjects\SoftDsn\Activity 6\rest-api-servlets\webapps\docs]
05-Oct-2021 17:08:29.374 INFO [main] org.apache.jasper.servlet.TldScanner.scanJars At least one JAR was scanned for TLDs yet contained no TLDs. Enable debug logging for this logger for a complete list of JARs that were scanned but no TLDs were found in them. Skipping unneeded JARs during scanning can improve startup time and JSP compilation time.
05-Oct-2021 17:08:29.376 INFO [main] org.apache.catalina.startup.HostConfig.deployDirectory Deployment of web application directory [F:\Users\Documents\Subjects\SoftDsn\Activity 6\rest-api-servlets\webapps\docs] has finished in [183] ms
05-Oct-2021 17:08:29.376 INFO [main] org.apache.catalina.startup.HostConfig.deployDirectory Deploying web application directory [F:\Users\Documents\Subjects\SoftDsn\Activity 6\rest-api-servlets\webapps\examples]
05-Oct-2021 17:08:29.805 INFO [main] org.apache.jasper.servlet.TldScanner.scanJars At least one JAR was scanned for TLDs yet contained no TLDs. Enable debug logging for this logger for a complete list of JARs that were scanned but no TLDs were found in them. Skipping unneeded JARs during scanning can improve startup time and JSP compilation time.
05-Oct-2021 17:08:29.837 INFO [main] org.apache.catalina.startup.HostConfig.deployDirectory Deployment of web application directory [F:\Users\Documents\Subjects\SoftDsn\Activity 6\rest-api-servlets\webapps\examples] has finished in [461] ms
05-Oct-2021 17:08:29.837 INFO [main] org.apache.catalina.startup.HostConfig.deployDirectory Deploying web application directory [F:\Users\Documents\Subjects\SoftDsn\Activity 6\rest-api-servlets\webapps\host-manager]
05-Oct-2021 17:08:30.013 INFO [main] org.apache.jasper.servlet.TldScanner.scanJars At least one JAR was scanned for TLDs yet contained no TLDs. Enable debug logging for this logger for a complete list of JARs that were scanned but no TLDs were found in them. Skipping unneeded JARs during scanning can improve startup time and JSP compilation time.
05-Oct-2021 17:08:30.017 INFO [main] org.apache.catalina.startup.HostConfig.deployDirectory Deployment of web application directory [F:\Users\Documents\Subjects\SoftDsn\Activity 6\rest-api-servlets\webapps\host-manager] has finished in [180] ms
05-Oct-2021 17:08:30.017 INFO [main] org.apache.catalina.startup.HostConfig.deployDirectory Deploying web application directory [F:\Users\Documents\Subjects\SoftDsn\Activity 6\rest-api-servlets\webapps\manager]
05-Oct-2021 17:08:30.187 INFO [main] org.apache.jasper.servlet.TldScanner.scanJars At least one JAR was scanned for TLDs yet contained no TLDs. Enable debug logging for this logger for a complete list of JARs that were scanned but no TLDs were found in them. Skipping unneeded JARs during scanning can improve startup time and JSP compilation time.
05-Oct-2021 17:08:30.189 INFO [main] org.apache.catalina.startup.HostConfig.deployDirectory Deployment of web application directory [F:\Users\Documents\Subjects\SoftDsn\Activity 6\rest-api-servlets\webapps\manager] has finished in [172] ms
05-Oct-2021 17:08:30.189 INFO [main] org.apache.catalina.startup.HostConfig.deployDirectory Deploying web application directory [F:\Users\Documents\Subjects\SoftDsn\Activity 6\rest-api-servlets\webapps\ROOT]
05-Oct-2021 17:08:30.348 INFO [main] org.apache.jasper.servlet.TldScanner.scanJars At least one JAR was scanned for TLDs yet contained no TLDs. Enable debug logging for this logger for a complete list of JARs that were scanned but no TLDs were found in them. Skipping unneeded JARs during scanning can improve startup time and JSP compilation time.
05-Oct-2021 17:08:30.350 INFO [main] org.apache.catalina.startup.HostConfig.deployDirectory Deployment of web application directory [F:\Users\Documents\Subjects\SoftDsn\Activity 6\rest-api-servlets\webapps\ROOT] has finished in [161] ms
05-Oct-2021 17:08:30.351 INFO [main] org.apache.coyote.AbstractProtocol.start Starting ProtocolHandler ["http-nio-8080"]
05-Oct-2021 17:08:30.394 INFO [main] org.apache.catalina.startup.Catalina.start Server startup in [1622] milliseconds
