28-Sep-2021 13:19:17.319 INFO [main] org.apache.catalina.core.ApplicationContext.log ContextListener: contextInitialized()
28-Sep-2021 13:19:17.319 INFO [main] org.apache.catalina.core.ApplicationContext.log SessionListener: contextInitialized()
28-Sep-2021 13:19:17.320 INFO [main] org.apache.catalina.core.ApplicationContext.log ContextListener: attributeAdded('StockTicker', 'async.Stockticker@5b7ea70d')
28-Sep-2021 13:22:01.484 INFO [Thread-2] org.apache.catalina.core.ApplicationContext.log SessionListener: contextDestroyed()
28-Sep-2021 13:22:01.484 INFO [Thread-2] org.apache.catalina.core.ApplicationContext.log ContextListener: contextDestroyed()
28-Sep-2021 13:24:32.506 INFO [main] org.apache.catalina.core.ApplicationContext.log ContextListener: contextInitialized()
28-Sep-2021 13:24:32.506 INFO [main] org.apache.catalina.core.ApplicationContext.log SessionListener: contextInitialized()
28-Sep-2021 13:24:32.507 INFO [main] org.apache.catalina.core.ApplicationContext.log ContextListener: attributeAdded('StockTicker', 'async.Stockticker@47dbb1e2')
28-Sep-2021 13:24:57.334 INFO [Thread-2] org.apache.catalina.core.ApplicationContext.log SessionListener: contextDestroyed()
28-Sep-2021 13:24:57.334 INFO [Thread-2] org.apache.catalina.core.ApplicationContext.log ContextListener: contextDestroyed()
28-Sep-2021 13:31:13.963 INFO [main] org.apache.catalina.core.ApplicationContext.log ContextListener: contextInitialized()
28-Sep-2021 13:31:13.963 INFO [main] org.apache.catalina.core.ApplicationContext.log SessionListener: contextInitialized()
28-Sep-2021 13:31:13.964 INFO [main] org.apache.catalina.core.ApplicationContext.log ContextListener: attributeAdded('StockTicker', 'async.Stockticker@7d3430a7')
28-Sep-2021 13:42:50.643 INFO [Thread-2] org.apache.catalina.core.ApplicationContext.log SessionListener: contextDestroyed()
28-Sep-2021 13:42:50.643 INFO [Thread-2] org.apache.catalina.core.ApplicationContext.log ContextListener: contextDestroyed()
28-Sep-2021 13:42:52.506 INFO [main] org.apache.catalina.core.ApplicationContext.log ContextListener: contextInitialized()
28-Sep-2021 13:42:52.506 INFO [main] org.apache.catalina.core.ApplicationContext.log SessionListener: contextInitialized()
28-Sep-2021 13:42:52.507 INFO [main] org.apache.catalina.core.ApplicationContext.log ContextListener: attributeAdded('StockTicker', 'async.Stockticker@1ddae9b5')
28-Sep-2021 13:43:24.586 INFO [Thread-2] org.apache.catalina.core.ApplicationContext.log SessionListener: contextDestroyed()
28-Sep-2021 13:43:24.586 INFO [Thread-2] org.apache.catalina.core.ApplicationContext.log ContextListener: contextDestroyed()
28-Sep-2021 13:43:27.092 INFO [main] org.apache.catalina.core.ApplicationContext.log ContextListener: contextInitialized()
28-Sep-2021 13:43:27.092 INFO [main] org.apache.catalina.core.ApplicationContext.log SessionListener: contextInitialized()
28-Sep-2021 13:43:27.093 INFO [main] org.apache.catalina.core.ApplicationContext.log ContextListener: attributeAdded('StockTicker', 'async.Stockticker@7adf16aa')
28-Sep-2021 13:43:51.726 INFO [Thread-2] org.apache.catalina.core.ApplicationContext.log SessionListener: contextDestroyed()
28-Sep-2021 13:43:51.726 INFO [Thread-2] org.apache.catalina.core.ApplicationContext.log ContextListener: contextDestroyed()
28-Sep-2021 13:43:54.007 INFO [main] org.apache.catalina.core.ApplicationContext.log ContextListener: contextInitialized()
28-Sep-2021 13:43:54.007 INFO [main] org.apache.catalina.core.ApplicationContext.log SessionListener: contextInitialized()
28-Sep-2021 13:43:54.008 INFO [main] org.apache.catalina.core.ApplicationContext.log ContextListener: attributeAdded('StockTicker', 'async.Stockticker@1d7f7be7')
28-Sep-2021 13:45:24.037 INFO [Thread-2] org.apache.catalina.core.ApplicationContext.log SessionListener: contextDestroyed()
28-Sep-2021 13:45:24.037 INFO [Thread-2] org.apache.catalina.core.ApplicationContext.log ContextListener: contextDestroyed()
28-Sep-2021 13:45:27.638 INFO [main] org.apache.catalina.core.ApplicationContext.log ContextListener: contextInitialized()
28-Sep-2021 13:45:27.638 INFO [main] org.apache.catalina.core.ApplicationContext.log SessionListener: contextInitialized()
28-Sep-2021 13:45:27.639 INFO [main] org.apache.catalina.core.ApplicationContext.log ContextListener: attributeAdded('StockTicker', 'async.Stockticker@1ddae9b5')
28-Sep-2021 13:45:33.938 INFO [Thread-2] org.apache.catalina.core.ApplicationContext.log SessionListener: contextDestroyed()
28-Sep-2021 13:45:33.938 INFO [Thread-2] org.apache.catalina.core.ApplicationContext.log ContextListener: contextDestroyed()
28-Sep-2021 13:45:43.730 INFO [main] org.apache.catalina.core.ApplicationContext.log ContextListener: contextInitialized()
28-Sep-2021 13:45:43.730 INFO [main] org.apache.catalina.core.ApplicationContext.log SessionListener: contextInitialized()
28-Sep-2021 13:45:43.731 INFO [main] org.apache.catalina.core.ApplicationContext.log ContextListener: attributeAdded('StockTicker', 'async.Stockticker@1d7f7be7')
28-Sep-2021 14:08:47.173 INFO [Thread-2] org.apache.catalina.core.ApplicationContext.log SessionListener: contextDestroyed()
28-Sep-2021 14:08:47.173 INFO [Thread-2] org.apache.catalina.core.ApplicationContext.log ContextListener: contextDestroyed()
28-Sep-2021 14:08:48.889 INFO [main] org.apache.catalina.core.ApplicationContext.log ContextListener: contextInitialized()
28-Sep-2021 14:08:48.889 INFO [main] org.apache.catalina.core.ApplicationContext.log SessionListener: contextInitialized()
28-Sep-2021 14:08:48.890 INFO [main] org.apache.catalina.core.ApplicationContext.log ContextListener: attributeAdded('StockTicker', 'async.Stockticker@1d7f7be7')
28-Sep-2021 14:15:04.546 INFO [Thread-2] org.apache.catalina.core.ApplicationContext.log SessionListener: contextDestroyed()
28-Sep-2021 14:15:04.546 INFO [Thread-2] org.apache.catalina.core.ApplicationContext.log ContextListener: contextDestroyed()
28-Sep-2021 14:15:06.337 INFO [main] org.apache.catalina.core.ApplicationContext.log ContextListener: contextInitialized()
28-Sep-2021 14:15:06.338 INFO [main] org.apache.catalina.core.ApplicationContext.log SessionListener: contextInitialized()
28-Sep-2021 14:15:06.338 INFO [main] org.apache.catalina.core.ApplicationContext.log ContextListener: attributeAdded('StockTicker', 'async.Stockticker@427b5f92')
28-Sep-2021 14:16:56.983 INFO [Thread-2] org.apache.catalina.core.ApplicationContext.log SessionListener: contextDestroyed()
28-Sep-2021 14:16:56.983 INFO [Thread-2] org.apache.catalina.core.ApplicationContext.log ContextListener: contextDestroyed()
28-Sep-2021 14:17:03.242 INFO [main] org.apache.catalina.core.ApplicationContext.log ContextListener: contextInitialized()
28-Sep-2021 14:17:03.243 INFO [main] org.apache.catalina.core.ApplicationContext.log SessionListener: contextInitialized()
28-Sep-2021 14:17:03.244 INFO [main] org.apache.catalina.core.ApplicationContext.log ContextListener: attributeAdded('StockTicker', 'async.Stockticker@427b5f92')
28-Sep-2021 14:19:02.178 INFO [Thread-2] org.apache.catalina.core.ApplicationContext.log SessionListener: contextDestroyed()
28-Sep-2021 14:19:02.178 INFO [Thread-2] org.apache.catalina.core.ApplicationContext.log ContextListener: contextDestroyed()
28-Sep-2021 14:19:04.580 INFO [main] org.apache.catalina.core.ApplicationContext.log ContextListener: contextInitialized()
28-Sep-2021 14:19:04.580 INFO [main] org.apache.catalina.core.ApplicationContext.log SessionListener: contextInitialized()
28-Sep-2021 14:19:04.581 INFO [main] org.apache.catalina.core.ApplicationContext.log ContextListener: attributeAdded('StockTicker', 'async.Stockticker@3fde8f7c')
28-Sep-2021 14:20:37.147 INFO [Thread-2] org.apache.catalina.core.ApplicationContext.log SessionListener: contextDestroyed()
28-Sep-2021 14:20:37.147 INFO [Thread-2] org.apache.catalina.core.ApplicationContext.log ContextListener: contextDestroyed()
28-Sep-2021 14:20:39.155 INFO [main] org.apache.catalina.core.ApplicationContext.log ContextListener: contextInitialized()
28-Sep-2021 14:20:39.156 INFO [main] org.apache.catalina.core.ApplicationContext.log SessionListener: contextInitialized()
28-Sep-2021 14:20:39.156 INFO [main] org.apache.catalina.core.ApplicationContext.log ContextListener: attributeAdded('StockTicker', 'async.Stockticker@6dce59e')
